{"/home/euge/Developer/personal/react-react-pro/03-gifs-app/src/GifsApp.tsx": {"path":"/home/euge/Developer/personal/react-react-pro/03-gifs-app/src/GifsApp.tsx","all":true,"statementMap":{"0":{"start":{"line":1,"column":0},"end":{"line":1,"column":64}},"6":{"start":{"line":7,"column":0},"end":{"line":7,"column":30}},"7":{"start":{"line":8,"column":0},"end":{"line":8,"column":77}},"9":{"start":{"line":10,"column":0},"end":{"line":10,"column":10}},"10":{"start":{"line":11,"column":0},"end":{"line":11,"column":6}},"11":{"start":{"line":12,"column":0},"end":{"line":12,"column":93}},"12":{"start":{"line":13,"column":0},"end":{"line":13,"column":68}},"13":{"start":{"line":14,"column":0},"end":{"line":14,"column":86}},"14":{"start":{"line":15,"column":0},"end":{"line":15,"column":30}},"17":{"start":{"line":18,"column":0},"end":{"line":18,"column":1}}},"s":{"0":0,"6":0,"7":0,"9":0,"10":0,"11":0,"12":0,"13":0,"14":0,"17":0},"branchMap":{"0":{"type":"branch","line":1,"loc":{"start":{"line":1,"column":721},"end":{"line":18,"column":1}},"locations":[{"start":{"line":1,"column":721},"end":{"line":18,"column":1}}]}},"b":{"0":[0]},"fnMap":{"0":{"name":"(empty-report)","decl":{"start":{"line":1,"column":721},"end":{"line":18,"column":1}},"loc":{"start":{"line":1,"column":721},"end":{"line":18,"column":1}},"line":1}},"f":{"0":0}}
,"/home/euge/Developer/personal/react-react-pro/03-gifs-app/src/main.tsx": {"path":"/home/euge/Developer/personal/react-react-pro/03-gifs-app/src/main.tsx","all":true,"statementMap":{"0":{"start":{"line":1,"column":0},"end":{"line":1,"column":26}},"1":{"start":{"line":2,"column":0},"end":{"line":2,"column":40}},"3":{"start":{"line":4,"column":0},"end":{"line":4,"column":36}},"4":{"start":{"line":5,"column":0},"end":{"line":5,"column":73}},"6":{"start":{"line":7,"column":0},"end":{"line":7,"column":21}},"8":{"start":{"line":9,"column":0},"end":{"line":9,"column":61}},"9":{"start":{"line":10,"column":0},"end":{"line":10,"column":20}},"10":{"start":{"line":11,"column":0},"end":{"line":11,"column":15}}},"s":{"0":0,"1":0,"3":0,"4":0,"6":0,"8":0,"9":0,"10":0},"branchMap":{"0":{"type":"branch","line":1,"loc":{"start":{"line":1,"column":356},"end":{"line":14,"column":1}},"locations":[{"start":{"line":1,"column":356},"end":{"line":14,"column":1}}]}},"b":{"0":[0]},"fnMap":{"0":{"name":"(empty-report)","decl":{"start":{"line":1,"column":356},"end":{"line":14,"column":1}},"loc":{"start":{"line":1,"column":356},"end":{"line":14,"column":1}},"line":1}},"f":{"0":0}}
,"/home/euge/Developer/personal/react-react-pro/03-gifs-app/src/gifs/actions/get-gifs-by-query.actions.ts": {"path":"/home/euge/Developer/personal/react-react-pro/03-gifs-app/src/gifs/actions/get-gifs-by-query.actions.ts","all":false,"statementMap":{"0":{"start":{"line":1,"column":0},"end":{"line":1,"column":61}},"4":{"start":{"line":5,"column":0},"end":{"line":5,"column":72}},"5":{"start":{"line":6,"column":0},"end":{"line":6,"column":34}},"6":{"start":{"line":7,"column":0},"end":{"line":7,"column":14}},"7":{"start":{"line":8,"column":0},"end":{"line":8,"column":3}},"9":{"start":{"line":10,"column":0},"end":{"line":10,"column":7}},"10":{"start":{"line":11,"column":0},"end":{"line":11,"column":63}},"11":{"start":{"line":12,"column":0},"end":{"line":12,"column":15}},"12":{"start":{"line":13,"column":0},"end":{"line":13,"column":17}},"13":{"start":{"line":14,"column":0},"end":{"line":14,"column":18}},"14":{"start":{"line":15,"column":0},"end":{"line":15,"column":18}},"15":{"start":{"line":16,"column":0},"end":{"line":16,"column":20}},"16":{"start":{"line":17,"column":0},"end":{"line":17,"column":38}},"17":{"start":{"line":18,"column":0},"end":{"line":18,"column":8}},"18":{"start":{"line":19,"column":0},"end":{"line":19,"column":7}},"20":{"start":{"line":21,"column":0},"end":{"line":21,"column":45}},"21":{"start":{"line":22,"column":0},"end":{"line":22,"column":17}},"22":{"start":{"line":23,"column":0},"end":{"line":23,"column":23}},"23":{"start":{"line":24,"column":0},"end":{"line":24,"column":35}},"24":{"start":{"line":25,"column":0},"end":{"line":25,"column":47}},"25":{"start":{"line":26,"column":0},"end":{"line":26,"column":49}},"26":{"start":{"line":27,"column":0},"end":{"line":27,"column":8}},"27":{"start":{"line":28,"column":0},"end":{"line":28,"column":19}},"28":{"start":{"line":29,"column":0},"end":{"line":29,"column":25}},"29":{"start":{"line":30,"column":0},"end":{"line":30,"column":14}},"30":{"start":{"line":31,"column":0},"end":{"line":31,"column":3}},"31":{"start":{"line":32,"column":0},"end":{"line":32,"column":2}}},"s":{"0":1,"4":1,"5":3,"6":1,"7":1,"9":2,"10":2,"11":2,"12":2,"13":2,"14":2,"15":2,"16":2,"17":2,"18":2,"20":1,"21":10,"22":10,"23":10,"24":10,"25":10,"26":10,"27":1,"28":1,"29":1,"30":1,"31":3},"branchMap":{"0":{"type":"branch","line":5,"loc":{"start":{"line":5,"column":30},"end":{"line":32,"column":2}},"locations":[{"start":{"line":5,"column":30},"end":{"line":32,"column":2}}]},"1":{"type":"branch","line":6,"loc":{"start":{"line":6,"column":33},"end":{"line":8,"column":3}},"locations":[{"start":{"line":6,"column":33},"end":{"line":8,"column":3}}]},"2":{"type":"branch","line":8,"loc":{"start":{"line":8,"column":2},"end":{"line":19,"column":7}},"locations":[{"start":{"line":8,"column":2},"end":{"line":19,"column":7}}]},"3":{"type":"branch","line":19,"loc":{"start":{"line":19,"column":4},"end":{"line":31,"column":3}},"locations":[{"start":{"line":19,"column":4},"end":{"line":31,"column":3}}]},"4":{"type":"branch","line":21,"loc":{"start":{"line":21,"column":34},"end":{"line":27,"column":8}},"locations":[{"start":{"line":21,"column":34},"end":{"line":27,"column":8}}]}},"b":{"0":[3],"1":[1],"2":[2],"3":[1],"4":[10]},"fnMap":{"0":{"name":"getGifsByQuery","decl":{"start":{"line":5,"column":30},"end":{"line":32,"column":2}},"loc":{"start":{"line":5,"column":30},"end":{"line":32,"column":2}},"line":5}},"f":{"0":3}}
,"/home/euge/Developer/personal/react-react-pro/03-gifs-app/src/gifs/api/giphy.api.ts": {"path":"/home/euge/Developer/personal/react-react-pro/03-gifs-app/src/gifs/api/giphy.api.ts","all":false,"statementMap":{"0":{"start":{"line":1,"column":0},"end":{"line":1,"column":26}},"2":{"start":{"line":3,"column":0},"end":{"line":3,"column":38}},"3":{"start":{"line":4,"column":0},"end":{"line":4,"column":43}},"4":{"start":{"line":5,"column":0},"end":{"line":5,"column":11}},"5":{"start":{"line":6,"column":0},"end":{"line":6,"column":48}},"6":{"start":{"line":7,"column":0},"end":{"line":7,"column":15}},"7":{"start":{"line":8,"column":0},"end":{"line":8,"column":4}},"8":{"start":{"line":9,"column":0},"end":{"line":9,"column":3}}},"s":{"0":1,"2":1,"3":1,"4":1,"5":1,"6":1,"7":1,"8":1},"branchMap":{},"b":{},"fnMap":{},"f":{}}
,"/home/euge/Developer/personal/react-react-pro/03-gifs-app/src/gifs/components/GifsList.tsx": {"path":"/home/euge/Developer/personal/react-react-pro/03-gifs-app/src/gifs/components/GifsList.tsx","all":true,"statementMap":{"0":{"start":{"line":1,"column":0},"end":{"line":1,"column":27}},"7":{"start":{"line":8,"column":0},"end":{"line":8,"column":57}},"8":{"start":{"line":9,"column":0},"end":{"line":9,"column":10}},"9":{"start":{"line":10,"column":0},"end":{"line":10,"column":36}},"10":{"start":{"line":11,"column":0},"end":{"line":11,"column":24}},"11":{"start":{"line":12,"column":0},"end":{"line":12,"column":47}},"12":{"start":{"line":13,"column":0},"end":{"line":13,"column":47}},"13":{"start":{"line":14,"column":0},"end":{"line":14,"column":30}},"14":{"start":{"line":15,"column":0},"end":{"line":15,"column":49}},"19":{"start":{"line":20,"column":0},"end":{"line":20,"column":1}}},"s":{"0":0,"7":0,"8":0,"9":0,"10":0,"11":0,"12":0,"13":0,"14":0,"19":0},"branchMap":{"0":{"type":"branch","line":1,"loc":{"start":{"line":1,"column":0},"end":{"line":20,"column":-149}},"locations":[{"start":{"line":1,"column":0},"end":{"line":20,"column":-149}}]}},"b":{"0":[0]},"fnMap":{"0":{"name":"(empty-report)","decl":{"start":{"line":1,"column":0},"end":{"line":20,"column":-149}},"loc":{"start":{"line":1,"column":0},"end":{"line":20,"column":-149}},"line":1}},"f":{"0":0}}
,"/home/euge/Developer/personal/react-react-pro/03-gifs-app/src/gifs/components/PreviousSearches.tsx": {"path":"/home/euge/Developer/personal/react-react-pro/03-gifs-app/src/gifs/components/PreviousSearches.tsx","all":true,"statementMap":{"0":{"start":{"line":1,"column":0},"end":{"line":1,"column":33}},"5":{"start":{"line":6,"column":0},"end":{"line":6,"column":90}},"6":{"start":{"line":7,"column":0},"end":{"line":7,"column":10}},"7":{"start":{"line":8,"column":0},"end":{"line":8,"column":39}},"8":{"start":{"line":9,"column":0},"end":{"line":9,"column":32}},"9":{"start":{"line":10,"column":0},"end":{"line":10,"column":45}},"10":{"start":{"line":11,"column":0},"end":{"line":11,"column":95}},"14":{"start":{"line":15,"column":0},"end":{"line":15,"column":1}}},"s":{"0":0,"5":0,"6":0,"7":0,"8":0,"9":0,"10":0,"14":0},"branchMap":{"0":{"type":"branch","line":1,"loc":{"start":{"line":1,"column":446},"end":{"line":15,"column":1}},"locations":[{"start":{"line":1,"column":446},"end":{"line":15,"column":1}}]}},"b":{"0":[0]},"fnMap":{"0":{"name":"(empty-report)","decl":{"start":{"line":1,"column":446},"end":{"line":15,"column":1}},"loc":{"start":{"line":1,"column":446},"end":{"line":15,"column":1}},"line":1}},"f":{"0":0}}
,"/home/euge/Developer/personal/react-react-pro/03-gifs-app/src/gifs/counter/components/MyCounterApp.tsx": {"path":"/home/euge/Developer/personal/react-react-pro/03-gifs-app/src/gifs/counter/components/MyCounterApp.tsx","all":false,"statementMap":{"0":{"start":{"line":1,"column":0},"end":{"line":1,"column":49}},"2":{"start":{"line":3,"column":0},"end":{"line":3,"column":35}},"3":{"start":{"line":4,"column":0},"end":{"line":4,"column":76}},"5":{"start":{"line":6,"column":0},"end":{"line":6,"column":10}},"6":{"start":{"line":7,"column":0},"end":{"line":7,"column":8}},"7":{"start":{"line":8,"column":0},"end":{"line":8,"column":14}},"8":{"start":{"line":9,"column":0},"end":{"line":9,"column":24}},"9":{"start":{"line":10,"column":0},"end":{"line":10,"column":32}},"10":{"start":{"line":11,"column":0},"end":{"line":11,"column":28}},"11":{"start":{"line":12,"column":0},"end":{"line":12,"column":8}},"13":{"start":{"line":14,"column":0},"end":{"line":14,"column":33}},"14":{"start":{"line":15,"column":0},"end":{"line":15,"column":52}},"15":{"start":{"line":16,"column":0},"end":{"line":16,"column":36}},"18":{"start":{"line":19,"column":0},"end":{"line":19,"column":41}},"21":{"start":{"line":22,"column":0},"end":{"line":22,"column":38}},"27":{"start":{"line":28,"column":0},"end":{"line":28,"column":1}}},"s":{"0":1,"2":1,"3":7,"5":7,"6":7,"7":7,"8":7,"9":7,"10":7,"11":7,"13":7,"14":7,"15":7,"18":7,"21":7,"27":7},"branchMap":{"0":{"type":"branch","line":3,"loc":{"start":{"line":3,"column":28},"end":{"line":28,"column":1}},"locations":[{"start":{"line":3,"column":28},"end":{"line":28,"column":1}}]}},"b":{"0":[7]},"fnMap":{"0":{"name":"MyCounterApp","decl":{"start":{"line":3,"column":28},"end":{"line":28,"column":1}},"loc":{"start":{"line":3,"column":28},"end":{"line":28,"column":1}},"line":3}},"f":{"0":7}}
,"/home/euge/Developer/personal/react-react-pro/03-gifs-app/src/gifs/counter/hooks/useCounter.tsx": {"path":"/home/euge/Developer/personal/react-react-pro/03-gifs-app/src/gifs/counter/hooks/useCounter.tsx","all":false,"statementMap":{"0":{"start":{"line":1,"column":0},"end":{"line":1,"column":33}},"2":{"start":{"line":3,"column":0},"end":{"line":3,"column":58}},"3":{"start":{"line":4,"column":0},"end":{"line":4,"column":55}},"5":{"start":{"line":6,"column":0},"end":{"line":6,"column":50}},"6":{"start":{"line":7,"column":0},"end":{"line":7,"column":70}},"7":{"start":{"line":8,"column":0},"end":{"line":8,"column":53}},"9":{"start":{"line":10,"column":0},"end":{"line":10,"column":10}},"10":{"start":{"line":11,"column":0},"end":{"line":11,"column":13}},"11":{"start":{"line":12,"column":0},"end":{"line":12,"column":12}},"12":{"start":{"line":13,"column":0},"end":{"line":13,"column":24}},"13":{"start":{"line":14,"column":0},"end":{"line":14,"column":14}},"14":{"start":{"line":15,"column":0},"end":{"line":15,"column":19}},"15":{"start":{"line":16,"column":0},"end":{"line":16,"column":15}},"16":{"start":{"line":17,"column":0},"end":{"line":17,"column":3}},"17":{"start":{"line":18,"column":0},"end":{"line":18,"column":1}}},"s":{"0":1,"2":1,"3":14,"5":14,"6":14,"7":14,"9":14,"10":14,"11":14,"12":14,"13":14,"14":14,"15":14,"16":14,"17":14},"branchMap":{"0":{"type":"branch","line":3,"loc":{"start":{"line":3,"column":26},"end":{"line":18,"column":1}},"locations":[{"start":{"line":3,"column":26},"end":{"line":18,"column":1}}]},"1":{"type":"branch","line":6,"loc":{"start":{"line":6,"column":20},"end":{"line":6,"column":50}},"locations":[{"start":{"line":6,"column":20},"end":{"line":6,"column":50}}]},"2":{"type":"branch","line":7,"loc":{"start":{"line":7,"column":25},"end":{"line":7,"column":70}},"locations":[{"start":{"line":7,"column":25},"end":{"line":7,"column":70}}]},"3":{"type":"branch","line":7,"loc":{"start":{"line":7,"column":42},"end":{"line":7,"column":70}},"locations":[{"start":{"line":7,"column":42},"end":{"line":7,"column":70}}]},"4":{"type":"branch","line":8,"loc":{"start":{"line":8,"column":22},"end":{"line":8,"column":53}},"locations":[{"start":{"line":8,"column":22},"end":{"line":8,"column":53}}]}},"b":{"0":[14],"1":[2],"2":[4],"3":[4],"4":[1]},"fnMap":{"0":{"name":"useCounter","decl":{"start":{"line":3,"column":26},"end":{"line":18,"column":1}},"loc":{"start":{"line":3,"column":26},"end":{"line":18,"column":1}},"line":3},"1":{"name":"handleAdd","decl":{"start":{"line":6,"column":20},"end":{"line":6,"column":50}},"loc":{"start":{"line":6,"column":20},"end":{"line":6,"column":50}},"line":6},"2":{"name":"handleSubtract","decl":{"start":{"line":7,"column":25},"end":{"line":7,"column":70}},"loc":{"start":{"line":7,"column":25},"end":{"line":7,"column":70}},"line":7},"3":{"name":"handleReset","decl":{"start":{"line":8,"column":22},"end":{"line":8,"column":53}},"loc":{"start":{"line":8,"column":22},"end":{"line":8,"column":53}},"line":8}},"f":{"0":14,"1":2,"2":4,"3":1}}
,"/home/euge/Developer/personal/react-react-pro/03-gifs-app/src/gifs/hooks/useGifs.tsx": {"path":"/home/euge/Developer/personal/react-react-pro/03-gifs-app/src/gifs/hooks/useGifs.tsx","all":false,"statementMap":{"0":{"start":{"line":1,"column":0},"end":{"line":1,"column":41}},"4":{"start":{"line":5,"column":0},"end":{"line":5,"column":30}},"5":{"start":{"line":6,"column":0},"end":{"line":6,"column":46}},"6":{"start":{"line":7,"column":0},"end":{"line":7,"column":67}},"8":{"start":{"line":9,"column":0},"end":{"line":9,"column":54}},"10":{"start":{"line":11,"column":0},"end":{"line":11,"column":53}},"11":{"start":{"line":12,"column":0},"end":{"line":12,"column":34}},"12":{"start":{"line":13,"column":0},"end":{"line":13,"column":39}},"13":{"start":{"line":14,"column":0},"end":{"line":14,"column":13}},"14":{"start":{"line":15,"column":0},"end":{"line":15,"column":5}},"16":{"start":{"line":17,"column":0},"end":{"line":17,"column":44}},"17":{"start":{"line":18,"column":0},"end":{"line":18,"column":18}},"18":{"start":{"line":19,"column":0},"end":{"line":19,"column":35}},"19":{"start":{"line":20,"column":0},"end":{"line":20,"column":3}},"21":{"start":{"line":22,"column":0},"end":{"line":22,"column":54}},"22":{"start":{"line":23,"column":0},"end":{"line":23,"column":26}},"23":{"start":{"line":24,"column":0},"end":{"line":24,"column":40}},"25":{"start":{"line":26,"column":0},"end":{"line":26,"column":35}},"27":{"start":{"line":28,"column":0},"end":{"line":28,"column":23}},"28":{"start":{"line":29,"column":0},"end":{"line":29,"column":47}},"30":{"start":{"line":31,"column":0},"end":{"line":31,"column":36}},"31":{"start":{"line":32,"column":0},"end":{"line":32,"column":62}},"33":{"start":{"line":34,"column":0},"end":{"line":34,"column":36}},"34":{"start":{"line":35,"column":0},"end":{"line":35,"column":45}},"35":{"start":{"line":36,"column":0},"end":{"line":36,"column":18}},"37":{"start":{"line":38,"column":0},"end":{"line":38,"column":36}},"38":{"start":{"line":39,"column":0},"end":{"line":39,"column":3}},"40":{"start":{"line":41,"column":0},"end":{"line":41,"column":10}},"41":{"start":{"line":42,"column":0},"end":{"line":42,"column":17}},"42":{"start":{"line":43,"column":0},"end":{"line":43,"column":9}},"43":{"start":{"line":44,"column":0},"end":{"line":44,"column":14}},"44":{"start":{"line":45,"column":0},"end":{"line":45,"column":17}},"45":{"start":{"line":46,"column":0},"end":{"line":46,"column":18}},"46":{"start":{"line":47,"column":0},"end":{"line":47,"column":21}},"47":{"start":{"line":48,"column":0},"end":{"line":48,"column":3}},"48":{"start":{"line":49,"column":0},"end":{"line":49,"column":1}}},"s":{"0":1,"4":1,"5":1,"6":1,"8":1,"10":1,"11":0,"12":0,"13":0,"14":0,"16":0,"17":0,"18":0,"19":0,"21":1,"22":0,"23":0,"25":0,"27":0,"28":0,"30":0,"31":0,"33":0,"34":0,"35":0,"37":0,"38":0,"40":1,"41":1,"42":1,"43":1,"44":1,"45":1,"46":1,"47":1,"48":1},"branchMap":{"0":{"type":"branch","line":5,"loc":{"start":{"line":5,"column":23},"end":{"line":49,"column":1}},"locations":[{"start":{"line":5,"column":23},"end":{"line":49,"column":1}}]}},"b":{"0":[1]},"fnMap":{"0":{"name":"useGifs","decl":{"start":{"line":5,"column":23},"end":{"line":49,"column":1}},"loc":{"start":{"line":5,"column":23},"end":{"line":49,"column":1}},"line":5},"1":{"name":"handleTermClicked","decl":{"start":{"line":11,"column":28},"end":{"line":20,"column":3}},"loc":{"start":{"line":11,"column":28},"end":{"line":20,"column":3}},"line":11},"2":{"name":"handleSearch","decl":{"start":{"line":22,"column":23},"end":{"line":39,"column":3}},"loc":{"start":{"line":22,"column":23},"end":{"line":39,"column":3}},"line":22}},"f":{"0":1,"1":0,"2":0}}
,"/home/euge/Developer/personal/react-react-pro/03-gifs-app/src/gifs/interfaces/gif.interface.ts": {"path":"/home/euge/Developer/personal/react-react-pro/03-gifs-app/src/gifs/interfaces/gif.interface.ts","all":true,"statementMap":{"6":{"start":{"line":7,"column":0},"end":{"line":7,"column":1}}},"s":{"6":0},"branchMap":{"0":{"type":"branch","line":1,"loc":{"start":{"line":1,"column":105},"end":{"line":7,"column":1}},"locations":[{"start":{"line":1,"column":105},"end":{"line":7,"column":1}}]}},"b":{"0":[1]},"fnMap":{"0":{"name":"(empty-report)","decl":{"start":{"line":1,"column":105},"end":{"line":7,"column":1}},"loc":{"start":{"line":1,"column":105},"end":{"line":7,"column":1}},"line":1}},"f":{"0":1}}
,"/home/euge/Developer/personal/react-react-pro/03-gifs-app/src/gifs/interfaces/giphy.response.ts": {"path":"/home/euge/Developer/personal/react-react-pro/03-gifs-app/src/gifs/interfaces/giphy.response.ts","all":true,"statementMap":{"125":{"start":{"line":126,"column":0},"end":{"line":126,"column":1}}},"s":{"125":0},"branchMap":{"0":{"type":"branch","line":1,"loc":{"start":{"line":1,"column":2470},"end":{"line":126,"column":1}},"locations":[{"start":{"line":1,"column":2470},"end":{"line":126,"column":1}}]}},"b":{"0":[1]},"fnMap":{"0":{"name":"(empty-report)","decl":{"start":{"line":1,"column":2470},"end":{"line":126,"column":1}},"loc":{"start":{"line":1,"column":2470},"end":{"line":126,"column":1}},"line":1}},"f":{"0":1}}
,"/home/euge/Developer/personal/react-react-pro/03-gifs-app/src/mock-data/gifs.mock.ts": {"path":"/home/euge/Developer/personal/react-react-pro/03-gifs-app/src/mock-data/gifs.mock.ts","all":true,"statementMap":{"2":{"start":{"line":3,"column":0},"end":{"line":3,"column":32}},"3":{"start":{"line":4,"column":0},"end":{"line":4,"column":3}},"4":{"start":{"line":5,"column":0},"end":{"line":5,"column":12}},"5":{"start":{"line":6,"column":0},"end":{"line":6,"column":29}},"6":{"start":{"line":7,"column":0},"end":{"line":7,"column":185}},"7":{"start":{"line":8,"column":0},"end":{"line":8,"column":15}},"8":{"start":{"line":9,"column":0},"end":{"line":9,"column":16}},"9":{"start":{"line":10,"column":0},"end":{"line":10,"column":4}},"10":{"start":{"line":11,"column":0},"end":{"line":11,"column":3}},"11":{"start":{"line":12,"column":0},"end":{"line":12,"column":12}},"12":{"start":{"line":13,"column":0},"end":{"line":13,"column":23}},"13":{"start":{"line":14,"column":0},"end":{"line":14,"column":70}},"14":{"start":{"line":15,"column":0},"end":{"line":15,"column":15}},"15":{"start":{"line":16,"column":0},"end":{"line":16,"column":16}},"16":{"start":{"line":17,"column":0},"end":{"line":17,"column":4}},"17":{"start":{"line":18,"column":0},"end":{"line":18,"column":3}},"18":{"start":{"line":19,"column":0},"end":{"line":19,"column":12}},"19":{"start":{"line":20,"column":0},"end":{"line":20,"column":25}},"20":{"start":{"line":21,"column":0},"end":{"line":21,"column":185}},"21":{"start":{"line":22,"column":0},"end":{"line":22,"column":15}},"22":{"start":{"line":23,"column":0},"end":{"line":23,"column":16}},"23":{"start":{"line":24,"column":0},"end":{"line":24,"column":4}},"24":{"start":{"line":25,"column":0},"end":{"line":25,"column":3}},"25":{"start":{"line":26,"column":0},"end":{"line":26,"column":12}},"26":{"start":{"line":27,"column":0},"end":{"line":27,"column":23}},"27":{"start":{"line":28,"column":0},"end":{"line":28,"column":70}},"28":{"start":{"line":29,"column":0},"end":{"line":29,"column":15}},"29":{"start":{"line":30,"column":0},"end":{"line":30,"column":16}},"30":{"start":{"line":31,"column":0},"end":{"line":31,"column":4}},"31":{"start":{"line":32,"column":0},"end":{"line":32,"column":3}},"32":{"start":{"line":33,"column":0},"end":{"line":33,"column":12}},"33":{"start":{"line":34,"column":0},"end":{"line":34,"column":30}},"34":{"start":{"line":35,"column":0},"end":{"line":35,"column":185}},"35":{"start":{"line":36,"column":0},"end":{"line":36,"column":15}},"36":{"start":{"line":37,"column":0},"end":{"line":37,"column":16}},"37":{"start":{"line":38,"column":0},"end":{"line":38,"column":4}},"38":{"start":{"line":39,"column":0},"end":{"line":39,"column":3}},"39":{"start":{"line":40,"column":0},"end":{"line":40,"column":12}},"40":{"start":{"line":41,"column":0},"end":{"line":41,"column":31}},"41":{"start":{"line":42,"column":0},"end":{"line":42,"column":185}},"42":{"start":{"line":43,"column":0},"end":{"line":43,"column":15}},"43":{"start":{"line":44,"column":0},"end":{"line":44,"column":16}},"44":{"start":{"line":45,"column":0},"end":{"line":45,"column":4}},"45":{"start":{"line":46,"column":0},"end":{"line":46,"column":2}}},"s":{"2":0,"3":0,"4":0,"5":0,"6":0,"7":0,"8":0,"9":0,"10":0,"11":0,"12":0,"13":0,"14":0,"15":0,"16":0,"17":0,"18":0,"19":0,"20":0,"21":0,"22":0,"23":0,"24":0,"25":0,"26":0,"27":0,"28":0,"29":0,"30":0,"31":0,"32":0,"33":0,"34":0,"35":0,"36":0,"37":0,"38":0,"39":0,"40":0,"41":0,"42":0,"43":0,"44":0,"45":0},"branchMap":{"0":{"type":"branch","line":1,"loc":{"start":{"line":1,"column":64},"end":{"line":46,"column":-39}},"locations":[{"start":{"line":1,"column":64},"end":{"line":46,"column":-39}}]}},"b":{"0":[1]},"fnMap":{"0":{"name":"(empty-report)","decl":{"start":{"line":1,"column":64},"end":{"line":46,"column":-39}},"loc":{"start":{"line":1,"column":64},"end":{"line":46,"column":-39}},"line":1}},"f":{"0":1}}
,"/home/euge/Developer/personal/react-react-pro/03-gifs-app/src/mock-data/mock/gifs.data.ts": {"path":"/home/euge/Developer/personal/react-react-pro/03-gifs-app/src/mock-data/mock/gifs.data.ts","all":true,"statementMap":{"0":{"start":{"line":1,"column":0},"end":{"line":1,"column":25}},"1":{"start":{"line":2,"column":0},"end":{"line":2,"column":3}},"2":{"start":{"line":3,"column":0},"end":{"line":3,"column":24}},"3":{"start":{"line":4,"column":0},"end":{"line":4,"column":46}},"4":{"start":{"line":5,"column":0},"end":{"line":5,"column":170}},"5":{"start":{"line":6,"column":0},"end":{"line":6,"column":15}},"6":{"start":{"line":7,"column":0},"end":{"line":7,"column":16}},"7":{"start":{"line":8,"column":0},"end":{"line":8,"column":4}},"8":{"start":{"line":9,"column":0},"end":{"line":9,"column":3}},"9":{"start":{"line":10,"column":0},"end":{"line":10,"column":29}},"10":{"start":{"line":11,"column":0},"end":{"line":11,"column":48}},"11":{"start":{"line":12,"column":0},"end":{"line":12,"column":175}},"12":{"start":{"line":13,"column":0},"end":{"line":13,"column":15}},"13":{"start":{"line":14,"column":0},"end":{"line":14,"column":16}},"14":{"start":{"line":15,"column":0},"end":{"line":15,"column":4}},"15":{"start":{"line":16,"column":0},"end":{"line":16,"column":3}},"16":{"start":{"line":17,"column":0},"end":{"line":17,"column":29}},"17":{"start":{"line":18,"column":0},"end":{"line":18,"column":68}},"18":{"start":{"line":19,"column":0},"end":{"line":19,"column":175}},"19":{"start":{"line":20,"column":0},"end":{"line":20,"column":15}},"20":{"start":{"line":21,"column":0},"end":{"line":21,"column":16}},"21":{"start":{"line":22,"column":0},"end":{"line":22,"column":4}},"22":{"start":{"line":23,"column":0},"end":{"line":23,"column":3}},"23":{"start":{"line":24,"column":0},"end":{"line":24,"column":29}},"24":{"start":{"line":25,"column":0},"end":{"line":25,"column":14}},"25":{"start":{"line":26,"column":0},"end":{"line":26,"column":175}},"26":{"start":{"line":27,"column":0},"end":{"line":27,"column":15}},"27":{"start":{"line":28,"column":0},"end":{"line":28,"column":16}},"28":{"start":{"line":29,"column":0},"end":{"line":29,"column":4}},"29":{"start":{"line":30,"column":0},"end":{"line":30,"column":3}},"30":{"start":{"line":31,"column":0},"end":{"line":31,"column":29}},"31":{"start":{"line":32,"column":0},"end":{"line":32,"column":47}},"32":{"start":{"line":33,"column":0},"end":{"line":33,"column":175}},"33":{"start":{"line":34,"column":0},"end":{"line":34,"column":15}},"34":{"start":{"line":35,"column":0},"end":{"line":35,"column":16}},"35":{"start":{"line":36,"column":0},"end":{"line":36,"column":4}},"36":{"start":{"line":37,"column":0},"end":{"line":37,"column":3}},"37":{"start":{"line":38,"column":0},"end":{"line":38,"column":29}},"38":{"start":{"line":39,"column":0},"end":{"line":39,"column":22}},"39":{"start":{"line":40,"column":0},"end":{"line":40,"column":175}},"40":{"start":{"line":41,"column":0},"end":{"line":41,"column":15}},"41":{"start":{"line":42,"column":0},"end":{"line":42,"column":16}},"42":{"start":{"line":43,"column":0},"end":{"line":43,"column":4}},"43":{"start":{"line":44,"column":0},"end":{"line":44,"column":3}},"44":{"start":{"line":45,"column":0},"end":{"line":45,"column":29}},"45":{"start":{"line":46,"column":0},"end":{"line":46,"column":47}},"46":{"start":{"line":47,"column":0},"end":{"line":47,"column":175}},"47":{"start":{"line":48,"column":0},"end":{"line":48,"column":15}},"48":{"start":{"line":49,"column":0},"end":{"line":49,"column":16}},"49":{"start":{"line":50,"column":0},"end":{"line":50,"column":4}},"50":{"start":{"line":51,"column":0},"end":{"line":51,"column":3}},"51":{"start":{"line":52,"column":0},"end":{"line":52,"column":29}},"52":{"start":{"line":53,"column":0},"end":{"line":53,"column":14}},"53":{"start":{"line":54,"column":0},"end":{"line":54,"column":175}},"54":{"start":{"line":55,"column":0},"end":{"line":55,"column":15}},"55":{"start":{"line":56,"column":0},"end":{"line":56,"column":16}},"56":{"start":{"line":57,"column":0},"end":{"line":57,"column":4}},"57":{"start":{"line":58,"column":0},"end":{"line":58,"column":3}},"58":{"start":{"line":59,"column":0},"end":{"line":59,"column":24}},"59":{"start":{"line":60,"column":0},"end":{"line":60,"column":29}},"60":{"start":{"line":61,"column":0},"end":{"line":61,"column":170}},"61":{"start":{"line":62,"column":0},"end":{"line":62,"column":15}},"62":{"start":{"line":63,"column":0},"end":{"line":63,"column":16}},"63":{"start":{"line":64,"column":0},"end":{"line":64,"column":4}},"64":{"start":{"line":65,"column":0},"end":{"line":65,"column":3}},"65":{"start":{"line":66,"column":0},"end":{"line":66,"column":24}},"66":{"start":{"line":67,"column":0},"end":{"line":67,"column":22}},"67":{"start":{"line":68,"column":0},"end":{"line":68,"column":170}},"68":{"start":{"line":69,"column":0},"end":{"line":69,"column":15}},"69":{"start":{"line":70,"column":0},"end":{"line":70,"column":16}},"70":{"start":{"line":71,"column":0},"end":{"line":71,"column":4}},"71":{"start":{"line":72,"column":0},"end":{"line":72,"column":2}}},"s":{"0":0,"1":0,"2":0,"3":0,"4":0,"5":0,"6":0,"7":0,"8":0,"9":0,"10":0,"11":0,"12":0,"13":0,"14":0,"15":0,"16":0,"17":0,"18":0,"19":0,"20":0,"21":0,"22":0,"23":0,"24":0,"25":0,"26":0,"27":0,"28":0,"29":0,"30":0,"31":0,"32":0,"33":0,"34":0,"35":0,"36":0,"37":0,"38":0,"39":0,"40":0,"41":0,"42":0,"43":0,"44":0,"45":0,"46":0,"47":0,"48":0,"49":0,"50":0,"51":0,"52":0,"53":0,"54":0,"55":0,"56":0,"57":0,"58":0,"59":0,"60":0,"61":0,"62":0,"63":0,"64":0,"65":0,"66":0,"67":0,"68":0,"69":0,"70":0,"71":0},"branchMap":{"0":{"type":"branch","line":1,"loc":{"start":{"line":1,"column":7},"end":{"line":72,"column":-200}},"locations":[{"start":{"line":1,"column":7},"end":{"line":72,"column":-200}}]}},"b":{"0":[0]},"fnMap":{"0":{"name":"(empty-report)","decl":{"start":{"line":1,"column":7},"end":{"line":72,"column":-200}},"loc":{"start":{"line":1,"column":7},"end":{"line":72,"column":-200}},"line":1}},"f":{"0":0}}
,"/home/euge/Developer/personal/react-react-pro/03-gifs-app/src/mock-data/mock/giphy.response.data.ts": {"path":"/home/euge/Developer/personal/react-react-pro/03-gifs-app/src/mock-data/mock/giphy.response.data.ts","all":false,"statementMap":{"0":{"start":{"line":1,"column":0},"end":{"line":1,"column":40}},"1":{"start":{"line":2,"column":0},"end":{"line":2,"column":9}},"2":{"start":{"line":3,"column":0},"end":{"line":3,"column":5}},"3":{"start":{"line":4,"column":0},"end":{"line":4,"column":18}},"4":{"start":{"line":5,"column":0},"end":{"line":5,"column":31}},"5":{"start":{"line":6,"column":0},"end":{"line":6,"column":89}},"6":{"start":{"line":7,"column":0},"end":{"line":7,"column":67}},"7":{"start":{"line":8,"column":0},"end":{"line":8,"column":48}},"8":{"start":{"line":9,"column":0},"end":{"line":9,"column":44}},"9":{"start":{"line":10,"column":0},"end":{"line":10,"column":62}},"10":{"start":{"line":11,"column":0},"end":{"line":11,"column":32}},"11":{"start":{"line":12,"column":0},"end":{"line":12,"column":17}},"12":{"start":{"line":13,"column":0},"end":{"line":13,"column":49}},"13":{"start":{"line":14,"column":0},"end":{"line":14,"column":18}},"14":{"start":{"line":15,"column":0},"end":{"line":15,"column":22}},"15":{"start":{"line":16,"column":0},"end":{"line":16,"column":21}},"16":{"start":{"line":17,"column":0},"end":{"line":17,"column":26}},"17":{"start":{"line":18,"column":0},"end":{"line":18,"column":20}},"18":{"start":{"line":19,"column":0},"end":{"line":19,"column":45}},"19":{"start":{"line":20,"column":0},"end":{"line":20,"column":47}},"20":{"start":{"line":21,"column":0},"end":{"line":21,"column":15}},"21":{"start":{"line":22,"column":0},"end":{"line":22,"column":19}},"22":{"start":{"line":23,"column":0},"end":{"line":23,"column":24}},"23":{"start":{"line":24,"column":0},"end":{"line":24,"column":23}},"24":{"start":{"line":25,"column":0},"end":{"line":25,"column":26}},"25":{"start":{"line":26,"column":0},"end":{"line":26,"column":181}},"26":{"start":{"line":27,"column":0},"end":{"line":27,"column":29}},"27":{"start":{"line":28,"column":0},"end":{"line":28,"column":181}},"28":{"start":{"line":29,"column":0},"end":{"line":29,"column":30}},"29":{"start":{"line":30,"column":0},"end":{"line":30,"column":183}},"30":{"start":{"line":31,"column":0},"end":{"line":31,"column":23}},"31":{"start":{"line":32,"column":0},"end":{"line":32,"column":51}},"32":{"start":{"line":33,"column":0},"end":{"line":33,"column":10}},"33":{"start":{"line":34,"column":0},"end":{"line":34,"column":20}},"34":{"start":{"line":35,"column":0},"end":{"line":35,"column":24}},"35":{"start":{"line":36,"column":0},"end":{"line":36,"column":23}},"36":{"start":{"line":37,"column":0},"end":{"line":37,"column":26}},"37":{"start":{"line":38,"column":0},"end":{"line":38,"column":181}},"38":{"start":{"line":39,"column":0},"end":{"line":39,"column":10}},"39":{"start":{"line":40,"column":0},"end":{"line":40,"column":26}},"40":{"start":{"line":41,"column":0},"end":{"line":41,"column":24}},"41":{"start":{"line":42,"column":0},"end":{"line":42,"column":23}},"42":{"start":{"line":43,"column":0},"end":{"line":43,"column":26}},"43":{"start":{"line":44,"column":0},"end":{"line":44,"column":181}},"44":{"start":{"line":45,"column":0},"end":{"line":45,"column":10}},"45":{"start":{"line":46,"column":0},"end":{"line":46,"column":27}},"46":{"start":{"line":47,"column":0},"end":{"line":47,"column":24}},"47":{"start":{"line":48,"column":0},"end":{"line":48,"column":23}},"48":{"start":{"line":49,"column":0},"end":{"line":49,"column":26}},"49":{"start":{"line":50,"column":0},"end":{"line":50,"column":181}},"50":{"start":{"line":51,"column":0},"end":{"line":51,"column":10}},"51":{"start":{"line":52,"column":0},"end":{"line":52,"column":26}},"52":{"start":{"line":53,"column":0},"end":{"line":53,"column":24}},"53":{"start":{"line":54,"column":0},"end":{"line":54,"column":23}},"54":{"start":{"line":55,"column":0},"end":{"line":55,"column":29}},"55":{"start":{"line":56,"column":0},"end":{"line":56,"column":197}},"56":{"start":{"line":57,"column":0},"end":{"line":57,"column":10}},"57":{"start":{"line":58,"column":0},"end":{"line":58,"column":26}},"58":{"start":{"line":59,"column":0},"end":{"line":59,"column":24}},"59":{"start":{"line":60,"column":0},"end":{"line":60,"column":23}},"60":{"start":{"line":61,"column":0},"end":{"line":61,"column":26}},"61":{"start":{"line":62,"column":0},"end":{"line":62,"column":183}},"62":{"start":{"line":63,"column":0},"end":{"line":63,"column":10}},"63":{"start":{"line":64,"column":0},"end":{"line":64,"column":23}},"64":{"start":{"line":65,"column":0},"end":{"line":65,"column":24}},"65":{"start":{"line":66,"column":0},"end":{"line":66,"column":23}},"66":{"start":{"line":67,"column":0},"end":{"line":67,"column":25}},"67":{"start":{"line":68,"column":0},"end":{"line":68,"column":179}},"68":{"start":{"line":69,"column":0},"end":{"line":69,"column":29}},"69":{"start":{"line":70,"column":0},"end":{"line":70,"column":179}},"70":{"start":{"line":71,"column":0},"end":{"line":71,"column":30}},"71":{"start":{"line":72,"column":0},"end":{"line":72,"column":181}},"72":{"start":{"line":73,"column":0},"end":{"line":73,"column":10}},"73":{"start":{"line":74,"column":0},"end":{"line":74,"column":35}},"74":{"start":{"line":75,"column":0},"end":{"line":75,"column":24}},"75":{"start":{"line":76,"column":0},"end":{"line":76,"column":23}},"76":{"start":{"line":77,"column":0},"end":{"line":77,"column":25}},"77":{"start":{"line":78,"column":0},"end":{"line":78,"column":181}},"78":{"start":{"line":79,"column":0},"end":{"line":79,"column":30}},"79":{"start":{"line":80,"column":0},"end":{"line":80,"column":183}},"80":{"start":{"line":81,"column":0},"end":{"line":81,"column":10}},"81":{"start":{"line":82,"column":0},"end":{"line":82,"column":29}},"82":{"start":{"line":83,"column":0},"end":{"line":83,"column":24}},"83":{"start":{"line":84,"column":0},"end":{"line":84,"column":23}},"84":{"start":{"line":85,"column":0},"end":{"line":85,"column":25}},"85":{"start":{"line":86,"column":0},"end":{"line":86,"column":179}},"86":{"start":{"line":87,"column":0},"end":{"line":87,"column":28}},"87":{"start":{"line":88,"column":0},"end":{"line":88,"column":179}},"88":{"start":{"line":89,"column":0},"end":{"line":89,"column":30}},"89":{"start":{"line":90,"column":0},"end":{"line":90,"column":181}},"90":{"start":{"line":91,"column":0},"end":{"line":91,"column":10}},"91":{"start":{"line":92,"column":0},"end":{"line":92,"column":35}},"92":{"start":{"line":93,"column":0},"end":{"line":93,"column":24}},"93":{"start":{"line":94,"column":0},"end":{"line":94,"column":23}},"94":{"start":{"line":95,"column":0},"end":{"line":95,"column":23}},"95":{"start":{"line":96,"column":0},"end":{"line":96,"column":181}},"96":{"start":{"line":97,"column":0},"end":{"line":97,"column":10}},"97":{"start":{"line":98,"column":0},"end":{"line":98,"column":29}},"98":{"start":{"line":99,"column":0},"end":{"line":99,"column":24}},"99":{"start":{"line":100,"column":0},"end":{"line":100,"column":23}},"100":{"start":{"line":101,"column":0},"end":{"line":101,"column":24}},"101":{"start":{"line":102,"column":0},"end":{"line":102,"column":181}},"102":{"start":{"line":103,"column":0},"end":{"line":103,"column":10}},"103":{"start":{"line":104,"column":0},"end":{"line":104,"column":22}},"104":{"start":{"line":105,"column":0},"end":{"line":105,"column":24}},"105":{"start":{"line":106,"column":0},"end":{"line":106,"column":23}},"106":{"start":{"line":107,"column":0},"end":{"line":107,"column":25}},"107":{"start":{"line":108,"column":0},"end":{"line":108,"column":180}},"108":{"start":{"line":109,"column":0},"end":{"line":109,"column":29}},"109":{"start":{"line":110,"column":0},"end":{"line":110,"column":180}},"110":{"start":{"line":111,"column":0},"end":{"line":111,"column":30}},"111":{"start":{"line":112,"column":0},"end":{"line":112,"column":182}},"112":{"start":{"line":113,"column":0},"end":{"line":113,"column":10}},"113":{"start":{"line":114,"column":0},"end":{"line":114,"column":34}},"114":{"start":{"line":115,"column":0},"end":{"line":115,"column":24}},"115":{"start":{"line":116,"column":0},"end":{"line":116,"column":23}},"116":{"start":{"line":117,"column":0},"end":{"line":117,"column":24}},"117":{"start":{"line":118,"column":0},"end":{"line":118,"column":182}},"118":{"start":{"line":119,"column":0},"end":{"line":119,"column":29}},"119":{"start":{"line":120,"column":0},"end":{"line":120,"column":184}},"120":{"start":{"line":121,"column":0},"end":{"line":121,"column":10}},"121":{"start":{"line":122,"column":0},"end":{"line":122,"column":28}},"122":{"start":{"line":123,"column":0},"end":{"line":123,"column":23}},"123":{"start":{"line":124,"column":0},"end":{"line":124,"column":23}},"124":{"start":{"line":125,"column":0},"end":{"line":125,"column":24}},"125":{"start":{"line":126,"column":0},"end":{"line":126,"column":180}},"126":{"start":{"line":127,"column":0},"end":{"line":127,"column":28}},"127":{"start":{"line":128,"column":0},"end":{"line":128,"column":180}},"128":{"start":{"line":129,"column":0},"end":{"line":129,"column":29}},"129":{"start":{"line":130,"column":0},"end":{"line":130,"column":182}},"130":{"start":{"line":131,"column":0},"end":{"line":131,"column":10}},"131":{"start":{"line":132,"column":0},"end":{"line":132,"column":34}},"132":{"start":{"line":133,"column":0},"end":{"line":133,"column":23}},"133":{"start":{"line":134,"column":0},"end":{"line":134,"column":23}},"134":{"start":{"line":135,"column":0},"end":{"line":135,"column":23}},"135":{"start":{"line":136,"column":0},"end":{"line":136,"column":182}},"136":{"start":{"line":137,"column":0},"end":{"line":137,"column":10}},"137":{"start":{"line":138,"column":0},"end":{"line":138,"column":28}},"138":{"start":{"line":139,"column":0},"end":{"line":139,"column":24}},"139":{"start":{"line":140,"column":0},"end":{"line":140,"column":23}},"140":{"start":{"line":141,"column":0},"end":{"line":141,"column":23}},"141":{"start":{"line":142,"column":0},"end":{"line":142,"column":182}},"142":{"start":{"line":143,"column":0},"end":{"line":143,"column":10}},"143":{"start":{"line":144,"column":0},"end":{"line":144,"column":18}},"144":{"start":{"line":145,"column":0},"end":{"line":145,"column":30}},"145":{"start":{"line":146,"column":0},"end":{"line":146,"column":186}},"146":{"start":{"line":147,"column":0},"end":{"line":147,"column":10}},"147":{"start":{"line":148,"column":0},"end":{"line":148,"column":25}},"148":{"start":{"line":149,"column":0},"end":{"line":149,"column":24}},"149":{"start":{"line":150,"column":0},"end":{"line":150,"column":23}},"150":{"start":{"line":151,"column":0},"end":{"line":151,"column":24}},"151":{"start":{"line":152,"column":0},"end":{"line":152,"column":183}},"152":{"start":{"line":153,"column":0},"end":{"line":153,"column":10}},"153":{"start":{"line":154,"column":0},"end":{"line":154,"column":23}},"154":{"start":{"line":155,"column":0},"end":{"line":155,"column":24}},"155":{"start":{"line":156,"column":0},"end":{"line":156,"column":23}},"156":{"start":{"line":157,"column":0},"end":{"line":157,"column":29}},"157":{"start":{"line":158,"column":0},"end":{"line":158,"column":181}},"158":{"start":{"line":159,"column":0},"end":{"line":159,"column":10}},"159":{"start":{"line":160,"column":0},"end":{"line":160,"column":18}},"160":{"start":{"line":161,"column":0},"end":{"line":161,"column":23}},"161":{"start":{"line":162,"column":0},"end":{"line":162,"column":22}},"162":{"start":{"line":163,"column":0},"end":{"line":163,"column":28}},"163":{"start":{"line":164,"column":0},"end":{"line":164,"column":189}},"164":{"start":{"line":165,"column":0},"end":{"line":165,"column":10}},"165":{"start":{"line":166,"column":0},"end":{"line":166,"column":22}},"166":{"start":{"line":167,"column":0},"end":{"line":167,"column":23}},"167":{"start":{"line":168,"column":0},"end":{"line":168,"column":23}},"168":{"start":{"line":169,"column":0},"end":{"line":169,"column":24}},"169":{"start":{"line":170,"column":0},"end":{"line":170,"column":189}},"170":{"start":{"line":171,"column":0},"end":{"line":171,"column":10}},"171":{"start":{"line":172,"column":0},"end":{"line":172,"column":23}},"172":{"start":{"line":173,"column":0},"end":{"line":173,"column":23}},"173":{"start":{"line":174,"column":0},"end":{"line":174,"column":23}},"174":{"start":{"line":175,"column":0},"end":{"line":175,"column":24}},"175":{"start":{"line":176,"column":0},"end":{"line":176,"column":181}},"176":{"start":{"line":177,"column":0},"end":{"line":177,"column":10}},"177":{"start":{"line":178,"column":0},"end":{"line":178,"column":23}},"178":{"start":{"line":179,"column":0},"end":{"line":179,"column":24}},"179":{"start":{"line":180,"column":0},"end":{"line":180,"column":23}},"180":{"start":{"line":181,"column":0},"end":{"line":181,"column":26}},"181":{"start":{"line":182,"column":0},"end":{"line":182,"column":182}},"182":{"start":{"line":183,"column":0},"end":{"line":183,"column":10}},"183":{"start":{"line":184,"column":0},"end":{"line":184,"column":8}},"184":{"start":{"line":185,"column":0},"end":{"line":185,"column":13}},"185":{"start":{"line":186,"column":0},"end":{"line":186,"column":19}},"186":{"start":{"line":187,"column":0},"end":{"line":187,"column":76}},"187":{"start":{"line":188,"column":0},"end":{"line":188,"column":21}},"188":{"start":{"line":189,"column":0},"end":{"line":189,"column":83}},"189":{"start":{"line":190,"column":0},"end":{"line":190,"column":19}},"190":{"start":{"line":191,"column":0},"end":{"line":191,"column":83}},"191":{"start":{"line":192,"column":0},"end":{"line":192,"column":56}},"192":{"start":{"line":193,"column":0},"end":{"line":193,"column":34}},"193":{"start":{"line":194,"column":0},"end":{"line":194,"column":39}},"194":{"start":{"line":195,"column":0},"end":{"line":195,"column":60}},"195":{"start":{"line":196,"column":0},"end":{"line":196,"column":62}},"196":{"start":{"line":197,"column":0},"end":{"line":197,"column":50}},"197":{"start":{"line":198,"column":0},"end":{"line":198,"column":26}},"198":{"start":{"line":199,"column":0},"end":{"line":199,"column":8}},"199":{"start":{"line":200,"column":0},"end":{"line":200,"column":33}},"200":{"start":{"line":201,"column":0},"end":{"line":201,"column":153}},"201":{"start":{"line":202,"column":0},"end":{"line":202,"column":18}},"202":{"start":{"line":203,"column":0},"end":{"line":203,"column":17}},"203":{"start":{"line":204,"column":0},"end":{"line":204,"column":259}},"204":{"start":{"line":205,"column":0},"end":{"line":205,"column":10}},"205":{"start":{"line":206,"column":0},"end":{"line":206,"column":18}},"206":{"start":{"line":207,"column":0},"end":{"line":207,"column":260}},"207":{"start":{"line":208,"column":0},"end":{"line":208,"column":10}},"208":{"start":{"line":209,"column":0},"end":{"line":209,"column":17}},"209":{"start":{"line":210,"column":0},"end":{"line":210,"column":259}},"210":{"start":{"line":211,"column":0},"end":{"line":211,"column":10}},"211":{"start":{"line":212,"column":0},"end":{"line":212,"column":8}},"212":{"start":{"line":213,"column":0},"end":{"line":213,"column":15}},"213":{"start":{"line":214,"column":0},"end":{"line":214,"column":120}},"214":{"start":{"line":215,"column":0},"end":{"line":215,"column":6}},"215":{"start":{"line":216,"column":0},"end":{"line":216,"column":5}},"216":{"start":{"line":217,"column":0},"end":{"line":217,"column":18}},"217":{"start":{"line":218,"column":0},"end":{"line":218,"column":31}},"218":{"start":{"line":219,"column":0},"end":{"line":219,"column":97}},"219":{"start":{"line":220,"column":0},"end":{"line":220,"column":75}},"220":{"start":{"line":221,"column":0},"end":{"line":221,"column":48}},"221":{"start":{"line":222,"column":0},"end":{"line":222,"column":44}},"222":{"start":{"line":223,"column":0},"end":{"line":223,"column":62}},"223":{"start":{"line":224,"column":0},"end":{"line":224,"column":32}},"224":{"start":{"line":225,"column":0},"end":{"line":225,"column":17}},"225":{"start":{"line":226,"column":0},"end":{"line":226,"column":51}},"226":{"start":{"line":227,"column":0},"end":{"line":227,"column":18}},"227":{"start":{"line":228,"column":0},"end":{"line":228,"column":22}},"228":{"start":{"line":229,"column":0},"end":{"line":229,"column":21}},"229":{"start":{"line":230,"column":0},"end":{"line":230,"column":26}},"230":{"start":{"line":231,"column":0},"end":{"line":231,"column":20}},"231":{"start":{"line":232,"column":0},"end":{"line":232,"column":45}},"232":{"start":{"line":233,"column":0},"end":{"line":233,"column":47}},"233":{"start":{"line":234,"column":0},"end":{"line":234,"column":15}},"234":{"start":{"line":235,"column":0},"end":{"line":235,"column":19}},"235":{"start":{"line":236,"column":0},"end":{"line":236,"column":24}},"236":{"start":{"line":237,"column":0},"end":{"line":237,"column":23}},"237":{"start":{"line":238,"column":0},"end":{"line":238,"column":25}},"238":{"start":{"line":239,"column":0},"end":{"line":239,"column":181}},"239":{"start":{"line":240,"column":0},"end":{"line":240,"column":29}},"240":{"start":{"line":241,"column":0},"end":{"line":241,"column":181}},"241":{"start":{"line":242,"column":0},"end":{"line":242,"column":30}},"242":{"start":{"line":243,"column":0},"end":{"line":243,"column":183}},"243":{"start":{"line":244,"column":0},"end":{"line":244,"column":23}},"244":{"start":{"line":245,"column":0},"end":{"line":245,"column":51}},"245":{"start":{"line":246,"column":0},"end":{"line":246,"column":10}},"246":{"start":{"line":247,"column":0},"end":{"line":247,"column":20}},"247":{"start":{"line":248,"column":0},"end":{"line":248,"column":24}},"248":{"start":{"line":249,"column":0},"end":{"line":249,"column":23}},"249":{"start":{"line":250,"column":0},"end":{"line":250,"column":25}},"250":{"start":{"line":251,"column":0},"end":{"line":251,"column":181}},"251":{"start":{"line":252,"column":0},"end":{"line":252,"column":10}},"252":{"start":{"line":253,"column":0},"end":{"line":253,"column":26}},"253":{"start":{"line":254,"column":0},"end":{"line":254,"column":24}},"254":{"start":{"line":255,"column":0},"end":{"line":255,"column":23}},"255":{"start":{"line":256,"column":0},"end":{"line":256,"column":25}},"256":{"start":{"line":257,"column":0},"end":{"line":257,"column":181}},"257":{"start":{"line":258,"column":0},"end":{"line":258,"column":10}},"258":{"start":{"line":259,"column":0},"end":{"line":259,"column":27}},"259":{"start":{"line":260,"column":0},"end":{"line":260,"column":24}},"260":{"start":{"line":261,"column":0},"end":{"line":261,"column":23}},"261":{"start":{"line":262,"column":0},"end":{"line":262,"column":25}},"262":{"start":{"line":263,"column":0},"end":{"line":263,"column":181}},"263":{"start":{"line":264,"column":0},"end":{"line":264,"column":10}},"264":{"start":{"line":265,"column":0},"end":{"line":265,"column":26}},"265":{"start":{"line":266,"column":0},"end":{"line":266,"column":24}},"266":{"start":{"line":267,"column":0},"end":{"line":267,"column":23}},"267":{"start":{"line":268,"column":0},"end":{"line":268,"column":29}},"268":{"start":{"line":269,"column":0},"end":{"line":269,"column":197}},"269":{"start":{"line":270,"column":0},"end":{"line":270,"column":10}},"270":{"start":{"line":271,"column":0},"end":{"line":271,"column":26}},"271":{"start":{"line":272,"column":0},"end":{"line":272,"column":24}},"272":{"start":{"line":273,"column":0},"end":{"line":273,"column":23}},"273":{"start":{"line":274,"column":0},"end":{"line":274,"column":25}},"274":{"start":{"line":275,"column":0},"end":{"line":275,"column":183}},"275":{"start":{"line":276,"column":0},"end":{"line":276,"column":10}},"276":{"start":{"line":277,"column":0},"end":{"line":277,"column":23}},"277":{"start":{"line":278,"column":0},"end":{"line":278,"column":24}},"278":{"start":{"line":279,"column":0},"end":{"line":279,"column":23}},"279":{"start":{"line":280,"column":0},"end":{"line":280,"column":25}},"280":{"start":{"line":281,"column":0},"end":{"line":281,"column":179}},"281":{"start":{"line":282,"column":0},"end":{"line":282,"column":29}},"282":{"start":{"line":283,"column":0},"end":{"line":283,"column":179}},"283":{"start":{"line":284,"column":0},"end":{"line":284,"column":30}},"284":{"start":{"line":285,"column":0},"end":{"line":285,"column":181}},"285":{"start":{"line":286,"column":0},"end":{"line":286,"column":10}},"286":{"start":{"line":287,"column":0},"end":{"line":287,"column":35}},"287":{"start":{"line":288,"column":0},"end":{"line":288,"column":24}},"288":{"start":{"line":289,"column":0},"end":{"line":289,"column":23}},"289":{"start":{"line":290,"column":0},"end":{"line":290,"column":24}},"290":{"start":{"line":291,"column":0},"end":{"line":291,"column":181}},"291":{"start":{"line":292,"column":0},"end":{"line":292,"column":29}},"292":{"start":{"line":293,"column":0},"end":{"line":293,"column":183}},"293":{"start":{"line":294,"column":0},"end":{"line":294,"column":10}},"294":{"start":{"line":295,"column":0},"end":{"line":295,"column":29}},"295":{"start":{"line":296,"column":0},"end":{"line":296,"column":24}},"296":{"start":{"line":297,"column":0},"end":{"line":297,"column":23}},"297":{"start":{"line":298,"column":0},"end":{"line":298,"column":25}},"298":{"start":{"line":299,"column":0},"end":{"line":299,"column":179}},"299":{"start":{"line":300,"column":0},"end":{"line":300,"column":28}},"300":{"start":{"line":301,"column":0},"end":{"line":301,"column":179}},"301":{"start":{"line":302,"column":0},"end":{"line":302,"column":29}},"302":{"start":{"line":303,"column":0},"end":{"line":303,"column":181}},"303":{"start":{"line":304,"column":0},"end":{"line":304,"column":10}},"304":{"start":{"line":305,"column":0},"end":{"line":305,"column":35}},"305":{"start":{"line":306,"column":0},"end":{"line":306,"column":24}},"306":{"start":{"line":307,"column":0},"end":{"line":307,"column":23}},"307":{"start":{"line":308,"column":0},"end":{"line":308,"column":23}},"308":{"start":{"line":309,"column":0},"end":{"line":309,"column":181}},"309":{"start":{"line":310,"column":0},"end":{"line":310,"column":10}},"310":{"start":{"line":311,"column":0},"end":{"line":311,"column":29}},"311":{"start":{"line":312,"column":0},"end":{"line":312,"column":24}},"312":{"start":{"line":313,"column":0},"end":{"line":313,"column":23}},"313":{"start":{"line":314,"column":0},"end":{"line":314,"column":23}},"314":{"start":{"line":315,"column":0},"end":{"line":315,"column":181}},"315":{"start":{"line":316,"column":0},"end":{"line":316,"column":10}},"316":{"start":{"line":317,"column":0},"end":{"line":317,"column":22}},"317":{"start":{"line":318,"column":0},"end":{"line":318,"column":24}},"318":{"start":{"line":319,"column":0},"end":{"line":319,"column":23}},"319":{"start":{"line":320,"column":0},"end":{"line":320,"column":25}},"320":{"start":{"line":321,"column":0},"end":{"line":321,"column":180}},"321":{"start":{"line":322,"column":0},"end":{"line":322,"column":29}},"322":{"start":{"line":323,"column":0},"end":{"line":323,"column":180}},"323":{"start":{"line":324,"column":0},"end":{"line":324,"column":30}},"324":{"start":{"line":325,"column":0},"end":{"line":325,"column":182}},"325":{"start":{"line":326,"column":0},"end":{"line":326,"column":10}},"326":{"start":{"line":327,"column":0},"end":{"line":327,"column":34}},"327":{"start":{"line":328,"column":0},"end":{"line":328,"column":24}},"328":{"start":{"line":329,"column":0},"end":{"line":329,"column":23}},"329":{"start":{"line":330,"column":0},"end":{"line":330,"column":24}},"330":{"start":{"line":331,"column":0},"end":{"line":331,"column":182}},"331":{"start":{"line":332,"column":0},"end":{"line":332,"column":29}},"332":{"start":{"line":333,"column":0},"end":{"line":333,"column":184}},"333":{"start":{"line":334,"column":0},"end":{"line":334,"column":10}},"334":{"start":{"line":335,"column":0},"end":{"line":335,"column":28}},"335":{"start":{"line":336,"column":0},"end":{"line":336,"column":23}},"336":{"start":{"line":337,"column":0},"end":{"line":337,"column":23}},"337":{"start":{"line":338,"column":0},"end":{"line":338,"column":24}},"338":{"start":{"line":339,"column":0},"end":{"line":339,"column":180}},"339":{"start":{"line":340,"column":0},"end":{"line":340,"column":28}},"340":{"start":{"line":341,"column":0},"end":{"line":341,"column":180}},"341":{"start":{"line":342,"column":0},"end":{"line":342,"column":29}},"342":{"start":{"line":343,"column":0},"end":{"line":343,"column":182}},"343":{"start":{"line":344,"column":0},"end":{"line":344,"column":10}},"344":{"start":{"line":345,"column":0},"end":{"line":345,"column":34}},"345":{"start":{"line":346,"column":0},"end":{"line":346,"column":23}},"346":{"start":{"line":347,"column":0},"end":{"line":347,"column":23}},"347":{"start":{"line":348,"column":0},"end":{"line":348,"column":23}},"348":{"start":{"line":349,"column":0},"end":{"line":349,"column":182}},"349":{"start":{"line":350,"column":0},"end":{"line":350,"column":10}},"350":{"start":{"line":351,"column":0},"end":{"line":351,"column":28}},"351":{"start":{"line":352,"column":0},"end":{"line":352,"column":24}},"352":{"start":{"line":353,"column":0},"end":{"line":353,"column":23}},"353":{"start":{"line":354,"column":0},"end":{"line":354,"column":23}},"354":{"start":{"line":355,"column":0},"end":{"line":355,"column":182}},"355":{"start":{"line":356,"column":0},"end":{"line":356,"column":10}},"356":{"start":{"line":357,"column":0},"end":{"line":357,"column":18}},"357":{"start":{"line":358,"column":0},"end":{"line":358,"column":30}},"358":{"start":{"line":359,"column":0},"end":{"line":359,"column":186}},"359":{"start":{"line":360,"column":0},"end":{"line":360,"column":10}},"360":{"start":{"line":361,"column":0},"end":{"line":361,"column":25}},"361":{"start":{"line":362,"column":0},"end":{"line":362,"column":24}},"362":{"start":{"line":363,"column":0},"end":{"line":363,"column":23}},"363":{"start":{"line":364,"column":0},"end":{"line":364,"column":24}},"364":{"start":{"line":365,"column":0},"end":{"line":365,"column":183}},"365":{"start":{"line":366,"column":0},"end":{"line":366,"column":10}},"366":{"start":{"line":367,"column":0},"end":{"line":367,"column":23}},"367":{"start":{"line":368,"column":0},"end":{"line":368,"column":24}},"368":{"start":{"line":369,"column":0},"end":{"line":369,"column":23}},"369":{"start":{"line":370,"column":0},"end":{"line":370,"column":29}},"370":{"start":{"line":371,"column":0},"end":{"line":371,"column":181}},"371":{"start":{"line":372,"column":0},"end":{"line":372,"column":10}},"372":{"start":{"line":373,"column":0},"end":{"line":373,"column":18}},"373":{"start":{"line":374,"column":0},"end":{"line":374,"column":24}},"374":{"start":{"line":375,"column":0},"end":{"line":375,"column":23}},"375":{"start":{"line":376,"column":0},"end":{"line":376,"column":28}},"376":{"start":{"line":377,"column":0},"end":{"line":377,"column":189}},"377":{"start":{"line":378,"column":0},"end":{"line":378,"column":10}},"378":{"start":{"line":379,"column":0},"end":{"line":379,"column":22}},"379":{"start":{"line":380,"column":0},"end":{"line":380,"column":23}},"380":{"start":{"line":381,"column":0},"end":{"line":381,"column":23}},"381":{"start":{"line":382,"column":0},"end":{"line":382,"column":24}},"382":{"start":{"line":383,"column":0},"end":{"line":383,"column":189}},"383":{"start":{"line":384,"column":0},"end":{"line":384,"column":10}},"384":{"start":{"line":385,"column":0},"end":{"line":385,"column":23}},"385":{"start":{"line":386,"column":0},"end":{"line":386,"column":23}},"386":{"start":{"line":387,"column":0},"end":{"line":387,"column":23}},"387":{"start":{"line":388,"column":0},"end":{"line":388,"column":24}},"388":{"start":{"line":389,"column":0},"end":{"line":389,"column":190}},"389":{"start":{"line":390,"column":0},"end":{"line":390,"column":10}},"390":{"start":{"line":391,"column":0},"end":{"line":391,"column":23}},"391":{"start":{"line":392,"column":0},"end":{"line":392,"column":24}},"392":{"start":{"line":393,"column":0},"end":{"line":393,"column":23}},"393":{"start":{"line":394,"column":0},"end":{"line":394,"column":25}},"394":{"start":{"line":395,"column":0},"end":{"line":395,"column":182}},"395":{"start":{"line":396,"column":0},"end":{"line":396,"column":10}},"396":{"start":{"line":397,"column":0},"end":{"line":397,"column":8}},"397":{"start":{"line":398,"column":0},"end":{"line":398,"column":13}},"398":{"start":{"line":399,"column":0},"end":{"line":399,"column":19}},"399":{"start":{"line":400,"column":0},"end":{"line":400,"column":76}},"400":{"start":{"line":401,"column":0},"end":{"line":401,"column":21}},"401":{"start":{"line":402,"column":0},"end":{"line":402,"column":83}},"402":{"start":{"line":403,"column":0},"end":{"line":403,"column":19}},"403":{"start":{"line":404,"column":0},"end":{"line":404,"column":83}},"404":{"start":{"line":405,"column":0},"end":{"line":405,"column":56}},"405":{"start":{"line":406,"column":0},"end":{"line":406,"column":34}},"406":{"start":{"line":407,"column":0},"end":{"line":407,"column":39}},"407":{"start":{"line":408,"column":0},"end":{"line":408,"column":60}},"408":{"start":{"line":409,"column":0},"end":{"line":409,"column":62}},"409":{"start":{"line":410,"column":0},"end":{"line":410,"column":50}},"410":{"start":{"line":411,"column":0},"end":{"line":411,"column":26}},"411":{"start":{"line":412,"column":0},"end":{"line":412,"column":8}},"412":{"start":{"line":413,"column":0},"end":{"line":413,"column":33}},"413":{"start":{"line":414,"column":0},"end":{"line":414,"column":153}},"414":{"start":{"line":415,"column":0},"end":{"line":415,"column":18}},"415":{"start":{"line":416,"column":0},"end":{"line":416,"column":17}},"416":{"start":{"line":417,"column":0},"end":{"line":417,"column":259}},"417":{"start":{"line":418,"column":0},"end":{"line":418,"column":10}},"418":{"start":{"line":419,"column":0},"end":{"line":419,"column":18}},"419":{"start":{"line":420,"column":0},"end":{"line":420,"column":260}},"420":{"start":{"line":421,"column":0},"end":{"line":421,"column":10}},"421":{"start":{"line":422,"column":0},"end":{"line":422,"column":17}},"422":{"start":{"line":423,"column":0},"end":{"line":423,"column":259}},"423":{"start":{"line":424,"column":0},"end":{"line":424,"column":10}},"424":{"start":{"line":425,"column":0},"end":{"line":425,"column":8}},"425":{"start":{"line":426,"column":0},"end":{"line":426,"column":19}},"426":{"start":{"line":427,"column":0},"end":{"line":427,"column":6}},"427":{"start":{"line":428,"column":0},"end":{"line":428,"column":5}},"428":{"start":{"line":429,"column":0},"end":{"line":429,"column":18}},"429":{"start":{"line":430,"column":0},"end":{"line":430,"column":31}},"430":{"start":{"line":431,"column":0},"end":{"line":431,"column":90}},"431":{"start":{"line":432,"column":0},"end":{"line":432,"column":68}},"432":{"start":{"line":433,"column":0},"end":{"line":433,"column":48}},"433":{"start":{"line":434,"column":0},"end":{"line":434,"column":44}},"434":{"start":{"line":435,"column":0},"end":{"line":435,"column":62}},"435":{"start":{"line":436,"column":0},"end":{"line":436,"column":32}},"436":{"start":{"line":437,"column":0},"end":{"line":437,"column":17}},"437":{"start":{"line":438,"column":0},"end":{"line":438,"column":49}},"438":{"start":{"line":439,"column":0},"end":{"line":439,"column":19}},"439":{"start":{"line":440,"column":0},"end":{"line":440,"column":22}},"440":{"start":{"line":441,"column":0},"end":{"line":441,"column":21}},"441":{"start":{"line":442,"column":0},"end":{"line":442,"column":26}},"442":{"start":{"line":443,"column":0},"end":{"line":443,"column":20}},"443":{"start":{"line":444,"column":0},"end":{"line":444,"column":45}},"444":{"start":{"line":445,"column":0},"end":{"line":445,"column":47}},"445":{"start":{"line":446,"column":0},"end":{"line":446,"column":15}},"446":{"start":{"line":447,"column":0},"end":{"line":447,"column":19}},"447":{"start":{"line":448,"column":0},"end":{"line":448,"column":24}},"448":{"start":{"line":449,"column":0},"end":{"line":449,"column":23}},"449":{"start":{"line":450,"column":0},"end":{"line":450,"column":25}},"450":{"start":{"line":451,"column":0},"end":{"line":451,"column":181}},"451":{"start":{"line":452,"column":0},"end":{"line":452,"column":29}},"452":{"start":{"line":453,"column":0},"end":{"line":453,"column":181}},"453":{"start":{"line":454,"column":0},"end":{"line":454,"column":30}},"454":{"start":{"line":455,"column":0},"end":{"line":455,"column":183}},"455":{"start":{"line":456,"column":0},"end":{"line":456,"column":22}},"456":{"start":{"line":457,"column":0},"end":{"line":457,"column":51}},"457":{"start":{"line":458,"column":0},"end":{"line":458,"column":10}},"458":{"start":{"line":459,"column":0},"end":{"line":459,"column":20}},"459":{"start":{"line":460,"column":0},"end":{"line":460,"column":24}},"460":{"start":{"line":461,"column":0},"end":{"line":461,"column":23}},"461":{"start":{"line":462,"column":0},"end":{"line":462,"column":25}},"462":{"start":{"line":463,"column":0},"end":{"line":463,"column":181}},"463":{"start":{"line":464,"column":0},"end":{"line":464,"column":10}},"464":{"start":{"line":465,"column":0},"end":{"line":465,"column":26}},"465":{"start":{"line":466,"column":0},"end":{"line":466,"column":24}},"466":{"start":{"line":467,"column":0},"end":{"line":467,"column":23}},"467":{"start":{"line":468,"column":0},"end":{"line":468,"column":25}},"468":{"start":{"line":469,"column":0},"end":{"line":469,"column":181}},"469":{"start":{"line":470,"column":0},"end":{"line":470,"column":10}},"470":{"start":{"line":471,"column":0},"end":{"line":471,"column":27}},"471":{"start":{"line":472,"column":0},"end":{"line":472,"column":24}},"472":{"start":{"line":473,"column":0},"end":{"line":473,"column":23}},"473":{"start":{"line":474,"column":0},"end":{"line":474,"column":25}},"474":{"start":{"line":475,"column":0},"end":{"line":475,"column":181}},"475":{"start":{"line":476,"column":0},"end":{"line":476,"column":10}},"476":{"start":{"line":477,"column":0},"end":{"line":477,"column":26}},"477":{"start":{"line":478,"column":0},"end":{"line":478,"column":24}},"478":{"start":{"line":479,"column":0},"end":{"line":479,"column":23}},"479":{"start":{"line":480,"column":0},"end":{"line":480,"column":28}},"480":{"start":{"line":481,"column":0},"end":{"line":481,"column":197}},"481":{"start":{"line":482,"column":0},"end":{"line":482,"column":10}},"482":{"start":{"line":483,"column":0},"end":{"line":483,"column":26}},"483":{"start":{"line":484,"column":0},"end":{"line":484,"column":24}},"484":{"start":{"line":485,"column":0},"end":{"line":485,"column":23}},"485":{"start":{"line":486,"column":0},"end":{"line":486,"column":25}},"486":{"start":{"line":487,"column":0},"end":{"line":487,"column":183}},"487":{"start":{"line":488,"column":0},"end":{"line":488,"column":10}},"488":{"start":{"line":489,"column":0},"end":{"line":489,"column":23}},"489":{"start":{"line":490,"column":0},"end":{"line":490,"column":24}},"490":{"start":{"line":491,"column":0},"end":{"line":491,"column":23}},"491":{"start":{"line":492,"column":0},"end":{"line":492,"column":25}},"492":{"start":{"line":493,"column":0},"end":{"line":493,"column":179}},"493":{"start":{"line":494,"column":0},"end":{"line":494,"column":28}},"494":{"start":{"line":495,"column":0},"end":{"line":495,"column":179}},"495":{"start":{"line":496,"column":0},"end":{"line":496,"column":29}},"496":{"start":{"line":497,"column":0},"end":{"line":497,"column":181}},"497":{"start":{"line":498,"column":0},"end":{"line":498,"column":10}},"498":{"start":{"line":499,"column":0},"end":{"line":499,"column":35}},"499":{"start":{"line":500,"column":0},"end":{"line":500,"column":24}},"500":{"start":{"line":501,"column":0},"end":{"line":501,"column":23}},"501":{"start":{"line":502,"column":0},"end":{"line":502,"column":25}},"502":{"start":{"line":503,"column":0},"end":{"line":503,"column":181}},"503":{"start":{"line":504,"column":0},"end":{"line":504,"column":29}},"504":{"start":{"line":505,"column":0},"end":{"line":505,"column":183}},"505":{"start":{"line":506,"column":0},"end":{"line":506,"column":10}},"506":{"start":{"line":507,"column":0},"end":{"line":507,"column":29}},"507":{"start":{"line":508,"column":0},"end":{"line":508,"column":24}},"508":{"start":{"line":509,"column":0},"end":{"line":509,"column":23}},"509":{"start":{"line":510,"column":0},"end":{"line":510,"column":24}},"510":{"start":{"line":511,"column":0},"end":{"line":511,"column":179}},"511":{"start":{"line":512,"column":0},"end":{"line":512,"column":28}},"512":{"start":{"line":513,"column":0},"end":{"line":513,"column":179}},"513":{"start":{"line":514,"column":0},"end":{"line":514,"column":29}},"514":{"start":{"line":515,"column":0},"end":{"line":515,"column":181}},"515":{"start":{"line":516,"column":0},"end":{"line":516,"column":10}},"516":{"start":{"line":517,"column":0},"end":{"line":517,"column":35}},"517":{"start":{"line":518,"column":0},"end":{"line":518,"column":24}},"518":{"start":{"line":519,"column":0},"end":{"line":519,"column":23}},"519":{"start":{"line":520,"column":0},"end":{"line":520,"column":23}},"520":{"start":{"line":521,"column":0},"end":{"line":521,"column":181}},"521":{"start":{"line":522,"column":0},"end":{"line":522,"column":10}},"522":{"start":{"line":523,"column":0},"end":{"line":523,"column":29}},"523":{"start":{"line":524,"column":0},"end":{"line":524,"column":24}},"524":{"start":{"line":525,"column":0},"end":{"line":525,"column":23}},"525":{"start":{"line":526,"column":0},"end":{"line":526,"column":24}},"526":{"start":{"line":527,"column":0},"end":{"line":527,"column":181}},"527":{"start":{"line":528,"column":0},"end":{"line":528,"column":10}},"528":{"start":{"line":529,"column":0},"end":{"line":529,"column":22}},"529":{"start":{"line":530,"column":0},"end":{"line":530,"column":24}},"530":{"start":{"line":531,"column":0},"end":{"line":531,"column":23}},"531":{"start":{"line":532,"column":0},"end":{"line":532,"column":25}},"532":{"start":{"line":533,"column":0},"end":{"line":533,"column":180}},"533":{"start":{"line":534,"column":0},"end":{"line":534,"column":28}},"534":{"start":{"line":535,"column":0},"end":{"line":535,"column":180}},"535":{"start":{"line":536,"column":0},"end":{"line":536,"column":29}},"536":{"start":{"line":537,"column":0},"end":{"line":537,"column":182}},"537":{"start":{"line":538,"column":0},"end":{"line":538,"column":10}},"538":{"start":{"line":539,"column":0},"end":{"line":539,"column":34}},"539":{"start":{"line":540,"column":0},"end":{"line":540,"column":24}},"540":{"start":{"line":541,"column":0},"end":{"line":541,"column":23}},"541":{"start":{"line":542,"column":0},"end":{"line":542,"column":24}},"542":{"start":{"line":543,"column":0},"end":{"line":543,"column":182}},"543":{"start":{"line":544,"column":0},"end":{"line":544,"column":29}},"544":{"start":{"line":545,"column":0},"end":{"line":545,"column":184}},"545":{"start":{"line":546,"column":0},"end":{"line":546,"column":10}},"546":{"start":{"line":547,"column":0},"end":{"line":547,"column":28}},"547":{"start":{"line":548,"column":0},"end":{"line":548,"column":23}},"548":{"start":{"line":549,"column":0},"end":{"line":549,"column":23}},"549":{"start":{"line":550,"column":0},"end":{"line":550,"column":24}},"550":{"start":{"line":551,"column":0},"end":{"line":551,"column":180}},"551":{"start":{"line":552,"column":0},"end":{"line":552,"column":28}},"552":{"start":{"line":553,"column":0},"end":{"line":553,"column":180}},"553":{"start":{"line":554,"column":0},"end":{"line":554,"column":29}},"554":{"start":{"line":555,"column":0},"end":{"line":555,"column":182}},"555":{"start":{"line":556,"column":0},"end":{"line":556,"column":10}},"556":{"start":{"line":557,"column":0},"end":{"line":557,"column":34}},"557":{"start":{"line":558,"column":0},"end":{"line":558,"column":23}},"558":{"start":{"line":559,"column":0},"end":{"line":559,"column":23}},"559":{"start":{"line":560,"column":0},"end":{"line":560,"column":23}},"560":{"start":{"line":561,"column":0},"end":{"line":561,"column":182}},"561":{"start":{"line":562,"column":0},"end":{"line":562,"column":10}},"562":{"start":{"line":563,"column":0},"end":{"line":563,"column":28}},"563":{"start":{"line":564,"column":0},"end":{"line":564,"column":24}},"564":{"start":{"line":565,"column":0},"end":{"line":565,"column":23}},"565":{"start":{"line":566,"column":0},"end":{"line":566,"column":24}},"566":{"start":{"line":567,"column":0},"end":{"line":567,"column":182}},"567":{"start":{"line":568,"column":0},"end":{"line":568,"column":10}},"568":{"start":{"line":569,"column":0},"end":{"line":569,"column":18}},"569":{"start":{"line":570,"column":0},"end":{"line":570,"column":30}},"570":{"start":{"line":571,"column":0},"end":{"line":571,"column":186}},"571":{"start":{"line":572,"column":0},"end":{"line":572,"column":10}},"572":{"start":{"line":573,"column":0},"end":{"line":573,"column":25}},"573":{"start":{"line":574,"column":0},"end":{"line":574,"column":24}},"574":{"start":{"line":575,"column":0},"end":{"line":575,"column":23}},"575":{"start":{"line":576,"column":0},"end":{"line":576,"column":24}},"576":{"start":{"line":577,"column":0},"end":{"line":577,"column":183}},"577":{"start":{"line":578,"column":0},"end":{"line":578,"column":10}},"578":{"start":{"line":579,"column":0},"end":{"line":579,"column":23}},"579":{"start":{"line":580,"column":0},"end":{"line":580,"column":24}},"580":{"start":{"line":581,"column":0},"end":{"line":581,"column":23}},"581":{"start":{"line":582,"column":0},"end":{"line":582,"column":29}},"582":{"start":{"line":583,"column":0},"end":{"line":583,"column":181}},"583":{"start":{"line":584,"column":0},"end":{"line":584,"column":10}},"584":{"start":{"line":585,"column":0},"end":{"line":585,"column":18}},"585":{"start":{"line":586,"column":0},"end":{"line":586,"column":24}},"586":{"start":{"line":587,"column":0},"end":{"line":587,"column":23}},"587":{"start":{"line":588,"column":0},"end":{"line":588,"column":28}},"588":{"start":{"line":589,"column":0},"end":{"line":589,"column":189}},"589":{"start":{"line":590,"column":0},"end":{"line":590,"column":10}},"590":{"start":{"line":591,"column":0},"end":{"line":591,"column":22}},"591":{"start":{"line":592,"column":0},"end":{"line":592,"column":23}},"592":{"start":{"line":593,"column":0},"end":{"line":593,"column":23}},"593":{"start":{"line":594,"column":0},"end":{"line":594,"column":24}},"594":{"start":{"line":595,"column":0},"end":{"line":595,"column":180}},"595":{"start":{"line":596,"column":0},"end":{"line":596,"column":10}},"596":{"start":{"line":597,"column":0},"end":{"line":597,"column":23}},"597":{"start":{"line":598,"column":0},"end":{"line":598,"column":23}},"598":{"start":{"line":599,"column":0},"end":{"line":599,"column":23}},"599":{"start":{"line":600,"column":0},"end":{"line":600,"column":24}},"600":{"start":{"line":601,"column":0},"end":{"line":601,"column":181}},"601":{"start":{"line":602,"column":0},"end":{"line":602,"column":10}},"602":{"start":{"line":603,"column":0},"end":{"line":603,"column":23}},"603":{"start":{"line":604,"column":0},"end":{"line":604,"column":24}},"604":{"start":{"line":605,"column":0},"end":{"line":605,"column":23}},"605":{"start":{"line":606,"column":0},"end":{"line":606,"column":25}},"606":{"start":{"line":607,"column":0},"end":{"line":607,"column":182}},"607":{"start":{"line":608,"column":0},"end":{"line":608,"column":10}},"608":{"start":{"line":609,"column":0},"end":{"line":609,"column":8}},"609":{"start":{"line":610,"column":0},"end":{"line":610,"column":13}},"610":{"start":{"line":611,"column":0},"end":{"line":611,"column":19}},"611":{"start":{"line":612,"column":0},"end":{"line":612,"column":76}},"612":{"start":{"line":613,"column":0},"end":{"line":613,"column":21}},"613":{"start":{"line":614,"column":0},"end":{"line":614,"column":83}},"614":{"start":{"line":615,"column":0},"end":{"line":615,"column":19}},"615":{"start":{"line":616,"column":0},"end":{"line":616,"column":83}},"616":{"start":{"line":617,"column":0},"end":{"line":617,"column":56}},"617":{"start":{"line":618,"column":0},"end":{"line":618,"column":34}},"618":{"start":{"line":619,"column":0},"end":{"line":619,"column":39}},"619":{"start":{"line":620,"column":0},"end":{"line":620,"column":60}},"620":{"start":{"line":621,"column":0},"end":{"line":621,"column":62}},"621":{"start":{"line":622,"column":0},"end":{"line":622,"column":50}},"622":{"start":{"line":623,"column":0},"end":{"line":623,"column":26}},"623":{"start":{"line":624,"column":0},"end":{"line":624,"column":8}},"624":{"start":{"line":625,"column":0},"end":{"line":625,"column":33}},"625":{"start":{"line":626,"column":0},"end":{"line":626,"column":153}},"626":{"start":{"line":627,"column":0},"end":{"line":627,"column":18}},"627":{"start":{"line":628,"column":0},"end":{"line":628,"column":17}},"628":{"start":{"line":629,"column":0},"end":{"line":629,"column":259}},"629":{"start":{"line":630,"column":0},"end":{"line":630,"column":10}},"630":{"start":{"line":631,"column":0},"end":{"line":631,"column":18}},"631":{"start":{"line":632,"column":0},"end":{"line":632,"column":260}},"632":{"start":{"line":633,"column":0},"end":{"line":633,"column":10}},"633":{"start":{"line":634,"column":0},"end":{"line":634,"column":17}},"634":{"start":{"line":635,"column":0},"end":{"line":635,"column":259}},"635":{"start":{"line":636,"column":0},"end":{"line":636,"column":10}},"636":{"start":{"line":637,"column":0},"end":{"line":637,"column":8}},"637":{"start":{"line":638,"column":0},"end":{"line":638,"column":19}},"638":{"start":{"line":639,"column":0},"end":{"line":639,"column":6}},"639":{"start":{"line":640,"column":0},"end":{"line":640,"column":5}},"640":{"start":{"line":641,"column":0},"end":{"line":641,"column":18}},"641":{"start":{"line":642,"column":0},"end":{"line":642,"column":31}},"642":{"start":{"line":643,"column":0},"end":{"line":643,"column":107}},"643":{"start":{"line":644,"column":0},"end":{"line":644,"column":85}},"644":{"start":{"line":645,"column":0},"end":{"line":645,"column":48}},"645":{"start":{"line":646,"column":0},"end":{"line":646,"column":44}},"646":{"start":{"line":647,"column":0},"end":{"line":647,"column":62}},"647":{"start":{"line":648,"column":0},"end":{"line":648,"column":32}},"648":{"start":{"line":649,"column":0},"end":{"line":649,"column":17}},"649":{"start":{"line":650,"column":0},"end":{"line":650,"column":49}},"650":{"start":{"line":651,"column":0},"end":{"line":651,"column":18}},"651":{"start":{"line":652,"column":0},"end":{"line":652,"column":22}},"652":{"start":{"line":653,"column":0},"end":{"line":653,"column":21}},"653":{"start":{"line":654,"column":0},"end":{"line":654,"column":26}},"654":{"start":{"line":655,"column":0},"end":{"line":655,"column":20}},"655":{"start":{"line":656,"column":0},"end":{"line":656,"column":45}},"656":{"start":{"line":657,"column":0},"end":{"line":657,"column":47}},"657":{"start":{"line":658,"column":0},"end":{"line":658,"column":15}},"658":{"start":{"line":659,"column":0},"end":{"line":659,"column":19}},"659":{"start":{"line":660,"column":0},"end":{"line":660,"column":24}},"660":{"start":{"line":661,"column":0},"end":{"line":661,"column":23}},"661":{"start":{"line":662,"column":0},"end":{"line":662,"column":26}},"662":{"start":{"line":663,"column":0},"end":{"line":663,"column":181}},"663":{"start":{"line":664,"column":0},"end":{"line":664,"column":29}},"664":{"start":{"line":665,"column":0},"end":{"line":665,"column":181}},"665":{"start":{"line":666,"column":0},"end":{"line":666,"column":30}},"666":{"start":{"line":667,"column":0},"end":{"line":667,"column":183}},"667":{"start":{"line":668,"column":0},"end":{"line":668,"column":23}},"668":{"start":{"line":669,"column":0},"end":{"line":669,"column":51}},"669":{"start":{"line":670,"column":0},"end":{"line":670,"column":10}},"670":{"start":{"line":671,"column":0},"end":{"line":671,"column":20}},"671":{"start":{"line":672,"column":0},"end":{"line":672,"column":24}},"672":{"start":{"line":673,"column":0},"end":{"line":673,"column":23}},"673":{"start":{"line":674,"column":0},"end":{"line":674,"column":26}},"674":{"start":{"line":675,"column":0},"end":{"line":675,"column":181}},"675":{"start":{"line":676,"column":0},"end":{"line":676,"column":10}},"676":{"start":{"line":677,"column":0},"end":{"line":677,"column":26}},"677":{"start":{"line":678,"column":0},"end":{"line":678,"column":24}},"678":{"start":{"line":679,"column":0},"end":{"line":679,"column":23}},"679":{"start":{"line":680,"column":0},"end":{"line":680,"column":26}},"680":{"start":{"line":681,"column":0},"end":{"line":681,"column":181}},"681":{"start":{"line":682,"column":0},"end":{"line":682,"column":10}},"682":{"start":{"line":683,"column":0},"end":{"line":683,"column":27}},"683":{"start":{"line":684,"column":0},"end":{"line":684,"column":24}},"684":{"start":{"line":685,"column":0},"end":{"line":685,"column":23}},"685":{"start":{"line":686,"column":0},"end":{"line":686,"column":26}},"686":{"start":{"line":687,"column":0},"end":{"line":687,"column":181}},"687":{"start":{"line":688,"column":0},"end":{"line":688,"column":10}},"688":{"start":{"line":689,"column":0},"end":{"line":689,"column":26}},"689":{"start":{"line":690,"column":0},"end":{"line":690,"column":23}},"690":{"start":{"line":691,"column":0},"end":{"line":691,"column":23}},"691":{"start":{"line":692,"column":0},"end":{"line":692,"column":28}},"692":{"start":{"line":693,"column":0},"end":{"line":693,"column":197}},"693":{"start":{"line":694,"column":0},"end":{"line":694,"column":10}},"694":{"start":{"line":695,"column":0},"end":{"line":695,"column":26}},"695":{"start":{"line":696,"column":0},"end":{"line":696,"column":24}},"696":{"start":{"line":697,"column":0},"end":{"line":697,"column":23}},"697":{"start":{"line":698,"column":0},"end":{"line":698,"column":26}},"698":{"start":{"line":699,"column":0},"end":{"line":699,"column":183}},"699":{"start":{"line":700,"column":0},"end":{"line":700,"column":10}},"700":{"start":{"line":701,"column":0},"end":{"line":701,"column":23}},"701":{"start":{"line":702,"column":0},"end":{"line":702,"column":24}},"702":{"start":{"line":703,"column":0},"end":{"line":703,"column":23}},"703":{"start":{"line":704,"column":0},"end":{"line":704,"column":25}},"704":{"start":{"line":705,"column":0},"end":{"line":705,"column":179}},"705":{"start":{"line":706,"column":0},"end":{"line":706,"column":29}},"706":{"start":{"line":707,"column":0},"end":{"line":707,"column":179}},"707":{"start":{"line":708,"column":0},"end":{"line":708,"column":30}},"708":{"start":{"line":709,"column":0},"end":{"line":709,"column":181}},"709":{"start":{"line":710,"column":0},"end":{"line":710,"column":10}},"710":{"start":{"line":711,"column":0},"end":{"line":711,"column":35}},"711":{"start":{"line":712,"column":0},"end":{"line":712,"column":24}},"712":{"start":{"line":713,"column":0},"end":{"line":713,"column":23}},"713":{"start":{"line":714,"column":0},"end":{"line":714,"column":25}},"714":{"start":{"line":715,"column":0},"end":{"line":715,"column":181}},"715":{"start":{"line":716,"column":0},"end":{"line":71
[...]
"468":1,"469":1,"470":1,"471":1,"472":1,"473":1,"474":1,"475":1,"476":1,"477":1,"478":1,"479":1,"480":1,"481":1,"482":1,"483":1,"484":1,"485":1,"486":1,"487":1,"488":1,"489":1,"490":1,"491":1,"492":1,"493":1,"494":1,"495":1,"496":1,"497":1,"498":1,"499":1,"500":1,"501":1,"502":1,"503":1,"504":1,"505":1,"506":1,"507":1,"508":1,"509":1,"510":1,"511":1,"512":1,"513":1,"514":1,"515":1,"516":1,"517":1,"518":1,"519":1,"520":1,"521":1,"522":1,"523":1,"524":1,"525":1,"526":1,"527":1,"528":1,"529":1,"530":1,"531":1,"532":1,"533":1,"534":1,"535":1,"536":1,"537":1,"538":1,"539":1,"540":1,"541":1,"542":1,"543":1,"544":1,"545":1,"546":1,"547":1,"548":1,"549":1,"550":1,"551":1,"552":1,"553":1,"554":1,"555":1,"556":1,"557":1,"558":1,"559":1,"560":1,"561":1,"562":1,"563":1,"564":1,"565":1,"566":1,"567":1,"568":1,"569":1,"570":1,"571":1,"572":1,"573":1,"574":1,"575":1,"576":1,"577":1,"578":1,"579":1,"580":1,"581":1,"582":1,"583":1,"584":1,"585":1,"586":1,"587":1,"588":1,"589":1,"590":1,"591":1,"592":1,"593":1,"594":1,"595":1,"596":1,"597":1,"598":1,"599":1,"600":1,"601":1,"602":1,"603":1,"604":1,"605":1,"606":1,"607":1,"608":1,"609":1,"610":1,"611":1,"612":1,"613":1,"614":1,"615":1,"616":1,"617":1,"618":1,"619":1,"620":1,"621":1,"622":1,"623":1,"624":1,"625":1,"626":1,"627":1,"628":1,"629":1,"630":1,"631":1,"632":1,"633":1,"634":1,"635":1,"636":1,"637":1,"638":1,"639":1,"640":1,"641":1,"642":1,"643":1,"644":1,"645":1,"646":1,"647":1,"648":1,"649":1,"650":1,"651":1,"652":1,"653":1,"654":1,"655":1,"656":1,"657":1,"658":1,"659":1,"660":1,"661":1,"662":1,"663":1,"664":1,"665":1,"666":1,"667":1,"668":1,"669":1,"670":1,"671":1,"672":1,"673":1,"674":1,"675":1,"676":1,"677":1,"678":1,"679":1,"680":1,"681":1,"682":1,"683":1,"684":1,"685":1,"686":1,"687":1,"688":1,"689":1,"690":1,"691":1,"692":1,"693":1,"694":1,"695":1,"696":1,"697":1,"698":1,"699":1,"700":1,"701":1,"702":1,"703":1,"704":1,"705":1,"706":1,"707":1,"708":1,"709":1,"710":1,"711":1,"712":1,"713":1,"714":1,"715":1,"716":1,"717":1,"718":1,"719":1,"720":1,"721":1,"722":1,"723":1,"724":1,"725":1,"726":1,"727":1,"728":1,"729":1,"730":1,"731":1,"732":1,"733":1,"734":1,"735":1,"736":1,"737":1,"738":1,"739":1,"740":1,"741":1,"742":1,"743":1,"744":1,"745":1,"746":1,"747":1,"748":1,"749":1,"750":1,"751":1,"752":1,"753":1,"754":1,"755":1,"756":1,"757":1,"758":1,"759":1,"760":1,"761":1,"762":1,"763":1,"764":1,"765":1,"766":1,"767":1,"768":1,"769":1,"770":1,"771":1,"772":1,"773":1,"774":1,"775":1,"776":1,"777":1,"778":1,"779":1,"780":1,"781":1,"782":1,"783":1,"784":1,"785":1,"786":1,"787":1,"788":1,"789":1,"790":1,"791":1,"792":1,"793":1,"794":1,"795":1,"796":1,"797":1,"798":1,"799":1,"800":1,"801":1,"802":1,"803":1,"804":1,"805":1,"806":1,"807":1,"808":1,"809":1,"810":1,"811":1,"812":1,"813":1,"814":1,"815":1,"816":1,"817":1,"818":1,"819":1,"820":1,"821":1,"822":1,"823":1,"824":1,"825":1,"826":1,"827":1,"828":1,"829":1,"830":1,"831":1,"832":1,"833":1,"834":1,"835":1,"836":1,"837":1,"838":1,"839":1,"840":1,"841":1,"842":1,"843":1,"844":1,"845":1,"846":1,"847":1,"848":1,"849":1,"850":1,"851":1,"852":1,"853":1,"854":1,"855":1,"856":1,"857":1,"858":1,"859":1,"860":1,"861":1,"862":1,"863":1,"864":1,"865":1,"866":1,"867":1,"868":1,"869":1,"870":1,"871":1,"872":1,"873":1,"874":1,"875":1,"876":1,"877":1,"878":1,"879":1,"880":1,"881":1,"882":1,"883":1,"884":1,"885":1,"886":1,"887":1,"888":1,"889":1,"890":1,"891":1,"892":1,"893":1,"894":1,"895":1,"896":1,"897":1,"898":1,"899":1,"900":1,"901":1,"902":1,"903":1,"904":1,"905":1,"906":1,"907":1,"908":1,"909":1,"910":1,"911":1,"912":1,"913":1,"914":1,"915":1,"916":1,"917":1,"918":1,"919":1,"920":1,"921":1,"922":1,"923":1,"924":1,"925":1,"926":1,"927":1,"928":1,"929":1,"930":1,"931":1,"932":1,"933":1,"934":1,"935":1,"936":1,"937":1,"938":1,"939":1,"940":1,"941":1,"942":1,"943":1,"944":1,"945":1,"946":1,"947":1,"948":1,"949":1,"950":1,"951":1,"952":1,"953":1,"954":1,"955":1,"956":1,"957":1,"958":1,"959":1,"960":1,"961":1,"962":1,"963":1,"964":1,"965":1,"966":1,"967":1,"968":1,"969":1,"970":1,"971":1,"972":1,"973":1,"974":1,"975":1,"976":1,"977":1,"978":1,"979":1,"980":1,"981":1,"982":1,"983":1,"984":1,"985":1,"986":1,"987":1,"988":1,"989":1,"990":1,"991":1,"992":1,"993":1,"994":1,"995":1,"996":1,"997":1,"998":1,"999":1,"1000":1,"1001":1,"1002":1,"1003":1,"1004":1,"1005":1,"1006":1,"1007":1,"1008":1,"1009":1,"1010":1,"1011":1,"1012":1,"1013":1,"1014":1,"1015":1,"1016":1,"1017":1,"1018":1,"1019":1,"1020":1,"1021":1,"1022":1,"1023":1,"1024":1,"1025":1,"1026":1,"1027":1,"1028":1,"1029":1,"1030":1,"1031":1,"1032":1,"1033":1,"1034":1,"1035":1,"1036":1,"1037":1,"1038":1,"1039":1,"1040":1,"1041":1,"1042":1,"1043":1,"1044":1,"1045":1,"1046":1,"1047":1,"1048":1,"1049":1,"1050":1,"1051":1,"1052":1,"1053":1,"1054":1,"1055":1,"1056":1,"1057":1,"1058":1,"1059":1,"1060":1,"1061":1,"1062":1,"1063":1,"1064":1,"1065":1,"1066":1,"1067":1,"1068":1,"1069":1,"1070":1,"1071":1,"1072":1,"1073":1,"1074":1,"1075":1,"1076":1,"1077":1,"1078":1,"1079":1,"1080":1,"1081":1,"1082":1,"1083":1,"1084":1,"1085":1,"1086":1,"1087":1,"1088":1,"1089":1,"1090":1,"1091":1,"1092":1,"1093":1,"1094":1,"1095":1,"1096":1,"1097":1,"1098":1,"1099":1,"1100":1,"1101":1,"1102":1,"1103":1,"1104":1,"1105":1,"1106":1,"1107":1,"1108":1,"1109":1,"1110":1,"1111":1,"1112":1,"1113":1,"1114":1,"1115":1,"1116":1,"1117":1,"1118":1,"1119":1,"1120":1,"1121":1,"1122":1,"1123":1,"1124":1,"1125":1,"1126":1,"1127":1,"1128":1,"1129":1,"1130":1,"1131":1,"1132":1,"1133":1,"1134":1,"1135":1,"1136":1,"1137":1,"1138":1,"1139":1,"1140":1,"1141":1,"1142":1,"1143":1,"1144":1,"1145":1,"1146":1,"1147":1,"1148":1,"1149":1,"1150":1,"1151":1,"1152":1,"1153":1,"1154":1,"1155":1,"1156":1,"1157":1,"1158":1,"1159":1,"1160":1,"1161":1,"1162":1,"1163":1,"1164":1,"1165":1,"1166":1,"1167":1,"1168":1,"1169":1,"1170":1,"1171":1,"1172":1,"1173":1,"1174":1,"1175":1,"1176":1,"1177":1,"1178":1,"1179":1,"1180":1,"1181":1,"1182":1,"1183":1,"1184":1,"1185":1,"1186":1,"1187":1,"1188":1,"1189":1,"1190":1,"1191":1,"1192":1,"1193":1,"1194":1,"1195":1,"1196":1,"1197":1,"1198":1,"1199":1,"1200":1,"1201":1,"1202":1,"1203":1,"1204":1,"1205":1,"1206":1,"1207":1,"1208":1,"1209":1,"1210":1,"1211":1,"1212":1,"1213":1,"1214":1,"1215":1,"1216":1,"1217":1,"1218":1,"1219":1,"1220":1,"1221":1,"1222":1,"1223":1,"1224":1,"1225":1,"1226":1,"1227":1,"1228":1,"1229":1,"1230":1,"1231":1,"1232":1,"1233":1,"1234":1,"1235":1,"1236":1,"1237":1,"1238":1,"1239":1,"1240":1,"1241":1,"1242":1,"1243":1,"1244":1,"1245":1,"1246":1,"1247":1,"1248":1,"1249":1,"1250":1,"1251":1,"1252":1,"1253":1,"1254":1,"1255":1,"1256":1,"1257":1,"1258":1,"1259":1,"1260":1,"1261":1,"1262":1,"1263":1,"1264":1,"1265":1,"1266":1,"1267":1,"1268":1,"1269":1,"1270":1,"1271":1,"1272":1,"1273":1,"1274":1,"1275":1,"1276":1,"1277":1,"1278":1,"1279":1,"1280":1,"1281":1,"1282":1,"1283":1,"1284":1,"1285":1,"1286":1,"1287":1,"1288":1,"1289":1,"1290":1,"1291":1,"1292":1,"1293":1,"1294":1,"1295":1,"1296":1,"1297":1,"1298":1,"1299":1,"1300":1,"1301":1,"1302":1,"1303":1,"1304":1,"1305":1,"1306":1,"1307":1,"1308":1,"1309":1,"1310":1,"1311":1,"1312":1,"1313":1,"1314":1,"1315":1,"1316":1,"1317":1,"1318":1,"1319":1,"1320":1,"1321":1,"1322":1,"1323":1,"1324":1,"1325":1,"1326":1,"1327":1,"1328":1,"1329":1,"1330":1,"1331":1,"1332":1,"1333":1,"1334":1,"1335":1,"1336":1,"1337":1,"1338":1,"1339":1,"1340":1,"1341":1,"1342":1,"1343":1,"1344":1,"1345":1,"1346":1,"1347":1,"1348":1,"1349":1,"1350":1,"1351":1,"1352":1,"1353":1,"1354":1,"1355":1,"1356":1,"1357":1,"1358":1,"1359":1,"1360":1,"1361":1,"1362":1,"1363":1,"1364":1,"1365":1,"1366":1,"1367":1,"1368":1,"1369":1,"1370":1,"1371":1,"1372":1,"1373":1,"1374":1,"1375":1,"1376":1,"1377":1,"1378":1,"1379":1,"1380":1,"1381":1,"1382":1,"1383":1,"1384":1,"1385":1,"1386":1,"1387":1,"1388":1,"1389":1,"1390":1,"1391":1,"1392":1,"1393":1,"1394":1,"1395":1,"1396":1,"1397":1,"1398":1,"1399":1,"1400":1,"1401":1,"1402":1,"1403":1,"1404":1,"1405":1,"1406":1,"1407":1,"1408":1,"1409":1,"1410":1,"1411":1,"1412":1,"1413":1,"1414":1,"1415":1,"1416":1,"1417":1,"1418":1,"1419":1,"1420":1,"1421":1,"1422":1,"1423":1,"1424":1,"1425":1,"1426":1,"1427":1,"1428":1,"1429":1,"1430":1,"1431":1,"1432":1,"1433":1,"1434":1,"1435":1,"1436":1,"1437":1,"1438":1,"1439":1,"1440":1,"1441":1,"1442":1,"1443":1,"1444":1,"1445":1,"1446":1,"1447":1,"1448":1,"1449":1,"1450":1,"1451":1,"1452":1,"1453":1,"1454":1,"1455":1,"1456":1,"1457":1,"1458":1,"1459":1,"1460":1,"1461":1,"1462":1,"1463":1,"1464":1,"1465":1,"1466":1,"1467":1,"1468":1,"1469":1,"1470":1,"1471":1,"1472":1,"1473":1,"1474":1,"1475":1,"1476":1,"1477":1,"1478":1,"1479":1,"1480":1,"1481":1,"1482":1,"1483":1,"1484":1,"1485":1,"1486":1,"1487":1,"1488":1,"1489":1,"1490":1,"1491":1,"1492":1,"1493":1,"1494":1,"1495":1,"1496":1,"1497":1,"1498":1,"1499":1,"1500":1,"1501":1,"1502":1,"1503":1,"1504":1,"1505":1,"1506":1,"1507":1,"1508":1,"1509":1,"1510":1,"1511":1,"1512":1,"1513":1,"1514":1,"1515":1,"1516":1,"1517":1,"1518":1,"1519":1,"1520":1,"1521":1,"1522":1,"1523":1,"1524":1,"1525":1,"1526":1,"1527":1,"1528":1,"1529":1,"1530":1,"1531":1,"1532":1,"1533":1,"1534":1,"1535":1,"1536":1,"1537":1,"1538":1,"1539":1,"1540":1,"1541":1,"1542":1,"1543":1,"1544":1,"1545":1,"1546":1,"1547":1,"1548":1,"1549":1,"1550":1,"1551":1,"1552":1,"1553":1,"1554":1,"1555":1,"1556":1,"1557":1,"1558":1,"1559":1,"1560":1,"1561":1,"1562":1,"1563":1,"1564":1,"1565":1,"1566":1,"1567":1,"1568":1,"1569":1,"1570":1,"1571":1,"1572":1,"1573":1,"1574":1,"1575":1,"1576":1,"1577":1,"1578":1,"1579":1,"1580":1,"1581":1,"1582":1,"1583":1,"1584":1,"1585":1,"1586":1,"1587":1,"1588":1,"1589":1,"1590":1,"1591":1,"1592":1,"1593":1,"1594":1,"1595":1,"1596":1,"1597":1,"1598":1,"1599":1,"1600":1,"1601":1,"1602":1,"1603":1,"1604":1,"1605":1,"1606":1,"1607":1,"1608":1,"1609":1,"1610":1,"1611":1,"1612":1,"1613":1,"1614":1,"1615":1,"1616":1,"1617":1,"1618":1,"1619":1,"1620":1,"1621":1,"1622":1,"1623":1,"1624":1,"1625":1,"1626":1,"1627":1,"1628":1,"1629":1,"1630":1,"1631":1,"1632":1,"1633":1,"1634":1,"1635":1,"1636":1,"1637":1,"1638":1,"1639":1,"1640":1,"1641":1,"1642":1,"1643":1,"1644":1,"1645":1,"1646":1,"1647":1,"1648":1,"1649":1,"1650":1,"1651":1,"1652":1,"1653":1,"1654":1,"1655":1,"1656":1,"1657":1,"1658":1,"1659":1,"1660":1,"1661":1,"1662":1,"1663":1,"1664":1,"1665":1,"1666":1,"1667":1,"1668":1,"1669":1,"1670":1,"1671":1,"1672":1,"1673":1,"1674":1,"1675":1,"1676":1,"1677":1,"1678":1,"1679":1,"1680":1,"1681":1,"1682":1,"1683":1,"1684":1,"1685":1,"1686":1,"1687":1,"1688":1,"1689":1,"1690":1,"1691":1,"1692":1,"1693":1,"1694":1,"1695":1,"1696":1,"1697":1,"1698":1,"1699":1,"1700":1,"1701":1,"1702":1,"1703":1,"1704":1,"1705":1,"1706":1,"1707":1,"1708":1,"1709":1,"1710":1,"1711":1,"1712":1,"1713":1,"1714":1,"1715":1,"1716":1,"1717":1,"1718":1,"1719":1,"1720":1,"1721":1,"1722":1,"1723":1,"1724":1,"1725":1,"1726":1,"1727":1,"1728":1,"1729":1,"1730":1,"1731":1,"1732":1,"1733":1,"1734":1,"1735":1,"1736":1,"1737":1,"1738":1,"1739":1,"1740":1,"1741":1,"1742":1,"1743":1,"1744":1,"1745":1,"1746":1,"1747":1,"1748":1,"1749":1,"1750":1,"1751":1,"1752":1,"1753":1,"1754":1,"1755":1,"1756":1,"1757":1,"1758":1,"1759":1,"1760":1,"1761":1,"1762":1,"1763":1,"1764":1,"1765":1,"1766":1,"1767":1,"1768":1,"1769":1,"1770":1,"1771":1,"1772":1,"1773":1,"1774":1,"1775":1,"1776":1,"1777":1,"1778":1,"1779":1,"1780":1,"1781":1,"1782":1,"1783":1,"1784":1,"1785":1,"1786":1,"1787":1,"1788":1,"1789":1,"1790":1,"1791":1,"1792":1,"1793":1,"1794":1,"1795":1,"1796":1,"1797":1,"1798":1,"1799":1,"1800":1,"1801":1,"1802":1,"1803":1,"1804":1,"1805":1,"1806":1,"1807":1,"1808":1,"1809":1,"1810":1,"1811":1,"1812":1,"1813":1,"1814":1,"1815":1,"1816":1,"1817":1,"1818":1,"1819":1,"1820":1,"1821":1,"1822":1,"1823":1,"1824":1,"1825":1,"1826":1,"1827":1,"1828":1,"1829":1,"1830":1,"1831":1,"1832":1,"1833":1,"1834":1,"1835":1,"1836":1,"1837":1,"1838":1,"1839":1,"1840":1,"1841":1,"1842":1,"1843":1,"1844":1,"1845":1,"1846":1,"1847":1,"1848":1,"1849":1,"1850":1,"1851":1,"1852":1,"1853":1,"1854":1,"1855":1,"1856":1,"1857":1,"1858":1,"1859":1,"1860":1,"1861":1,"1862":1,"1863":1,"1864":1,"1865":1,"1866":1,"1867":1,"1868":1,"1869":1,"1870":1,"1871":1,"1872":1,"1873":1,"1874":1,"1875":1,"1876":1,"1877":1,"1878":1,"1879":1,"1880":1,"1881":1,"1882":1,"1883":1,"1884":1,"1885":1,"1886":1,"1887":1,"1888":1,"1889":1,"1890":1,"1891":1,"1892":1,"1893":1,"1894":1,"1895":1,"1896":1,"1897":1,"1898":1,"1899":1,"1900":1,"1901":1,"1902":1,"1903":1,"1904":1,"1905":1,"1906":1,"1907":1,"1908":1,"1909":1,"1910":1,"1911":1,"1912":1,"1913":1,"1914":1,"1915":1,"1916":1,"1917":1,"1918":1,"1919":1,"1920":1,"1921":1,"1922":1,"1923":1,"1924":1,"1925":1,"1926":1,"1927":1,"1928":1,"1929":1,"1930":1,"1931":1,"1932":1,"1933":1,"1934":1,"1935":1,"1936":1,"1937":1,"1938":1,"1939":1,"1940":1,"1941":1,"1942":1,"1943":1,"1944":1,"1945":1,"1946":1,"1947":1,"1948":1,"1949":1,"1950":1,"1951":1,"1952":1,"1953":1,"1954":1,"1955":1,"1956":1,"1957":1,"1958":1,"1959":1,"1960":1,"1961":1,"1962":1,"1963":1,"1964":1,"1965":1,"1966":1,"1967":1,"1968":1,"1969":1,"1970":1,"1971":1,"1972":1,"1973":1,"1974":1,"1975":1,"1976":1,"1977":1,"1978":1,"1979":1,"1980":1,"1981":1,"1982":1,"1983":1,"1984":1,"1985":1,"1986":1,"1987":1,"1988":1,"1989":1,"1990":1,"1991":1,"1992":1,"1993":1,"1994":1,"1995":1,"1996":1,"1997":1,"1998":1,"1999":1,"2000":1,"2001":1,"2002":1,"2003":1,"2004":1,"2005":1,"2006":1,"2007":1,"2008":1,"2009":1,"2010":1,"2011":1,"2012":1,"2013":1,"2014":1,"2015":1,"2016":1,"2017":1,"2018":1,"2019":1,"2020":1,"2021":1,"2022":1,"2023":1,"2024":1,"2025":1,"2026":1,"2027":1,"2028":1,"2029":1,"2030":1,"2031":1,"2032":1,"2033":1,"2034":1,"2035":1,"2036":1,"2037":1,"2038":1,"2039":1,"2040":1,"2041":1,"2042":1,"2043":1,"2044":1,"2045":1,"2046":1,"2047":1,"2048":1,"2049":1,"2050":1,"2051":1,"2052":1,"2053":1,"2054":1,"2055":1,"2056":1,"2057":1,"2058":1,"2059":1,"2060":1,"2061":1,"2062":1,"2063":1,"2064":1,"2065":1,"2066":1,"2067":1,"2068":1,"2069":1,"2070":1,"2071":1,"2072":1,"2073":1,"2074":1,"2075":1,"2076":1,"2077":1,"2078":1,"2079":1,"2080":1,"2081":1,"2082":1,"2083":1,"2084":1,"2085":1,"2086":1,"2087":1,"2088":1,"2089":1,"2090":1,"2091":1,"2092":1,"2093":1,"2094":1,"2095":1,"2096":1,"2097":1,"2098":1,"2099":1,"2100":1,"2101":1,"2102":1,"2103":1,"2104":1,"2105":1,"2106":1,"2107":1,"2108":1,"2109":1,"2110":1,"2111":1,"2112":1,"2113":1,"2114":1,"2115":1,"2116":1,"2117":1,"2118":1,"2119":1,"2120":1,"2121":1,"2122":1,"2123":1,"2124":1,"2125":1,"2126":1,"2127":1,"2128":1,"2129":1,"2130":1,"2131":1,"2132":1,"2133":1,"2134":1,"2135":1,"2136":1,"2137":1,"2138":1,"2139":1,"2140":1,"2141":1,"2142":1,"2143":1,"2144":1,"2145":1,"2146":1,"2147":1,"2148":1,"2149":1,"2150":1,"2151":1,"2152":1,"2153":1,"2154":1,"2155":1},"branchMap":{},"b":{},"fnMap":{},"f":{}}
,"/home/euge/Developer/personal/react-react-pro/03-gifs-app/src/shared/components/CustomHeader.tsx": {"path":"/home/euge/Developer/personal/react-react-pro/03-gifs-app/src/shared/components/CustomHeader.tsx","all":false,"statementMap":{"0":{"start":{"line":1,"column":0},"end":{"line":1,"column":29}},"5":{"start":{"line":6,"column":0},"end":{"line":6,"column":74}},"6":{"start":{"line":7,"column":0},"end":{"line":7,"column":10}},"7":{"start":{"line":8,"column":0},"end":{"line":8,"column":36}},"8":{"start":{"line":9,"column":0},"end":{"line":9,"column":22}},"9":{"start":{"line":10,"column":0},"end":{"line":10,"column":43}},"12":{"start":{"line":13,"column":0},"end":{"line":13,"column":1}}},"s":{"0":1,"5":1,"6":3,"7":3,"8":3,"9":3,"12":3},"branchMap":{"0":{"type":"branch","line":6,"loc":{"start":{"line":6,"column":28},"end":{"line":13,"column":1}},"locations":[{"start":{"line":6,"column":28},"end":{"line":13,"column":1}}]}},"b":{"0":[3]},"fnMap":{"0":{"name":"CustomHeader","decl":{"start":{"line":6,"column":28},"end":{"line":13,"column":1}},"loc":{"start":{"line":6,"column":28},"end":{"line":13,"column":1}},"line":6}},"f":{"0":3}}
,"/home/euge/Developer/personal/react-react-pro/03-gifs-app/src/shared/components/SearchBar.tsx": {"path":"/home/euge/Developer/personal/react-react-pro/03-gifs-app/src/shared/components/SearchBar.tsx","all":false,"statementMap":{"0":{"start":{"line":1,"column":0},"end":{"line":1,"column":64}},"7":{"start":{"line":8,"column":0},"end":{"line":8,"column":83}},"8":{"start":{"line":9,"column":0},"end":{"line":9,"column":41}},"10":{"start":{"line":11,"column":0},"end":{"line":11,"column":19}},"11":{"start":{"line":12,"column":0},"end":{"line":12,"column":40}},"12":{"start":{"line":13,"column":0},"end":{"line":13,"column":21}},"13":{"start":{"line":14,"column":0},"end":{"line":14,"column":12}},"15":{"start":{"line":16,"column":0},"end":{"line":16,"column":18}},"16":{"start":{"line":17,"column":0},"end":{"line":17,"column":30}},"17":{"start":{"line":18,"column":0},"end":{"line":18,"column":6}},"18":{"start":{"line":19,"column":0},"end":{"line":19,"column":23}},"20":{"start":{"line":21,"column":0},"end":{"line":21,"column":44}},"22":{"start":{"line":23,"column":0},"end":{"line":23,"column":69}},"23":{"start":{"line":24,"column":0},"end":{"line":24,"column":32}},"24":{"start":{"line":25,"column":0},"end":{"line":25,"column":21}},"25":{"start":{"line":26,"column":0},"end":{"line":26,"column":5}},"26":{"start":{"line":27,"column":0},"end":{"line":27,"column":3}},"28":{"start":{"line":29,"column":0},"end":{"line":29,"column":10}},"29":{"start":{"line":30,"column":0},"end":{"line":30,"column":38}},"30":{"start":{"line":31,"column":0},"end":{"line":31,"column":12}},"31":{"start":{"line":32,"column":0},"end":{"line":32,"column":19}},"32":{"start":{"line":33,"column":0},"end":{"line":33,"column":33}},"33":{"start":{"line":34,"column":0},"end":{"line":34,"column":21}},"34":{"start":{"line":35,"column":0},"end":{"line":35,"column":58}},"35":{"start":{"line":36,"column":0},"end":{"line":36,"column":33}},"37":{"start":{"line":38,"column":0},"end":{"line":38,"column":52}},"40":{"start":{"line":41,"column":0},"end":{"line":41,"column":1}}},"s":{"0":1,"7":1,"8":11,"10":11,"11":11,"12":2,"13":11,"15":11,"16":11,"17":11,"18":11,"20":11,"22":11,"23":0,"24":0,"25":0,"26":0,"28":11,"29":11,"30":11,"31":11,"32":11,"33":11,"34":11,"35":11,"37":11,"40":11},"branchMap":{"0":{"type":"branch","line":8,"loc":{"start":{"line":8,"column":25},"end":{"line":41,"column":1}},"locations":[{"start":{"line":8,"column":25},"end":{"line":41,"column":1}}]},"1":{"type":"branch","line":11,"loc":{"start":{"line":11,"column":12},"end":{"line":19,"column":5}},"locations":[{"start":{"line":11,"column":12},"end":{"line":19,"column":5}}]},"2":{"type":"branch","line":12,"loc":{"start":{"line":12,"column":33},"end":{"line":14,"column":7}},"locations":[{"start":{"line":12,"column":33},"end":{"line":14,"column":7}}]},"3":{"type":"branch","line":16,"loc":{"start":{"line":16,"column":11},"end":{"line":18,"column":6}},"locations":[{"start":{"line":16,"column":11},"end":{"line":18,"column":6}}]},"4":{"type":"branch","line":21,"loc":{"start":{"line":21,"column":23},"end":{"line":21,"column":44}},"locations":[{"start":{"line":21,"column":23},"end":{"line":21,"column":44}}]},"5":{"type":"branch","line":35,"loc":{"start":{"line":35,"column":18},"end":{"line":35,"column":58}},"locations":[{"start":{"line":35,"column":18},"end":{"line":35,"column":58}}]}},"b":{"0":[11],"1":[11],"2":[2],"3":[11],"4":[1],"5":[6]},"fnMap":{"0":{"name":"SearchBar","decl":{"start":{"line":8,"column":25},"end":{"line":41,"column":1}},"loc":{"start":{"line":8,"column":25},"end":{"line":41,"column":1}},"line":8},"1":{"name":"handleSearch","decl":{"start":{"line":21,"column":23},"end":{"line":21,"column":44}},"loc":{"start":{"line":21,"column":23},"end":{"line":21,"column":44}},"line":21},"2":{"name":"handleKeyDown","decl":{"start":{"line":23,"column":24},"end":{"line":27,"column":3}},"loc":{"start":{"line":23,"column":24},"end":{"line":27,"column":3}},"line":23},"3":{"name":"onChange","decl":{"start":{"line":35,"column":18},"end":{"line":35,"column":58}},"loc":{"start":{"line":35,"column":18},"end":{"line":35,"column":58}},"line":35}},"f":{"0":11,"1":1,"2":0,"3":6}}
}
